TN:
SF:src/domain/@shared/event/event.dispatcher.ts
FN:9,get getEventHandlers
FN:13,notify
FN:21,register
FN:29,unregister
FN:37,unregisterAll
FNF:5
FNH:5
FNDA:12,get getEventHandlers
FNDA:3,notify
FNDA:7,register
FNDA:1,unregister
FNDA:1,unregisterAll
DA:1,1
DA:2,1
DA:3,1
DA:4,1
DA:5,1
DA:6,1
DA:7,1
DA:8,1
DA:9,1
DA:10,12
DA:11,12
DA:12,1
DA:13,1
DA:14,3
DA:15,3
DA:16,3
DA:17,4
DA:18,4
DA:19,3
DA:20,3
DA:21,1
DA:22,7
DA:23,6
DA:24,6
DA:25,7
DA:26,7
DA:27,7
DA:28,1
DA:29,1
DA:30,1
DA:31,1
DA:32,1
DA:33,1
DA:34,1
DA:35,1
DA:36,1
DA:37,1
DA:38,1
DA:39,1
DA:40,1
DA:41,1
LF:41
LH:41
BRDA:9,0,0,12
BRDA:13,1,0,3
BRDA:16,2,0,4
BRDA:21,3,0,7
BRDA:22,4,0,6
BRDA:29,5,0,1
BRDA:37,6,0,1
BRF:7
BRH:7
end_of_record
TN:
SF:src/domain/checkout/entity/order.ts
FN:19,get id
FN:23,validate
FN:38,total
FN:42,addNewItem
FN:48,removeItem
FN:55,updateTotal
FN:59,get customerId
FN:63,get items
FN:11,Order
FNF:9
FNH:9
FNDA:14,get id
FNDA:23,validate
FNDA:38,total
FNDA:2,addNewItem
FNDA:2,removeItem
FNDA:4,updateTotal
FNDA:9,get customerId
FNDA:11,get items
FNDA:19,Order
DA:1,1
DA:2,1
DA:3,1
DA:4,1
DA:5,1
DA:6,1
DA:7,1
DA:8,1
DA:9,1
DA:10,1
DA:11,1
DA:12,19
DA:13,19
DA:14,19
DA:15,19
DA:16,19
DA:17,19
DA:18,1
DA:19,1
DA:20,14
DA:21,14
DA:22,1
DA:23,1
DA:24,23
DA:25,1
DA:26,1
DA:27,23
DA:28,1
DA:29,1
DA:30,23
DA:31,0
DA:32,0
DA:33,23
DA:34,1
DA:35,1
DA:36,23
DA:37,1
DA:38,1
DA:39,38
DA:40,38
DA:41,1
DA:42,1
DA:43,2
DA:44,2
DA:45,2
DA:46,2
DA:47,1
DA:48,1
DA:49,2
DA:50,2
DA:51,2
DA:52,2
DA:53,2
DA:54,1
DA:55,1
DA:56,4
DA:57,4
DA:58,1
DA:59,1
DA:60,9
DA:61,9
DA:62,1
DA:63,1
DA:64,11
DA:65,11
DA:66,1
LF:66
LH:64
BRDA:19,0,0,14
BRDA:23,1,0,23
BRDA:24,2,0,1
BRDA:26,3,0,22
BRDA:27,4,0,1
BRDA:29,5,0,21
BRDA:30,6,0,0
BRDA:32,7,0,21
BRDA:33,8,0,1
BRDA:33,9,0,35
BRDA:38,10,0,38
BRDA:39,11,0,58
BRDA:42,12,0,2
BRDA:48,13,0,2
BRDA:49,14,0,3
BRDA:55,15,0,4
BRDA:59,16,0,9
BRDA:63,17,0,11
BRDA:11,18,0,19
BRF:19
BRH:18
end_of_record
TN:
SF:src/domain/checkout/entity/order_item.ts
FN:18,validate
FN:24,get quantity
FN:28,get price
FN:32,orderItemTotal
FN:36,get id
FN:40,get name
FN:44,get productId
FN:48,cancel
FN:52,isCancelled
FN:10,OrderItem
FNF:10
FNH:9
FNDA:0,validate
FNDA:53,get quantity
FNDA:18,get price
FNDA:58,orderItemTotal
FNDA:29,get id
FNDA:18,get name
FNDA:17,get productId
FNDA:2,cancel
FNDA:6,isCancelled
FNDA:25,OrderItem
DA:1,1
DA:2,1
DA:3,1
DA:4,1
DA:5,1
DA:6,1
DA:7,1
DA:8,1
DA:9,1
DA:10,1
DA:11,25
DA:12,25
DA:13,25
DA:14,25
DA:15,25
DA:16,25
DA:17,1
DA:18,1
DA:19,0
DA:20,0
DA:21,0
DA:22,0
DA:23,1
DA:24,1
DA:25,53
DA:26,53
DA:27,1
DA:28,1
DA:29,18
DA:30,18
DA:31,1
DA:32,1
DA:33,58
DA:34,58
DA:35,1
DA:36,1
DA:37,29
DA:38,29
DA:39,1
DA:40,1
DA:41,18
DA:42,18
DA:43,1
DA:44,1
DA:45,17
DA:46,17
DA:47,1
DA:48,1
DA:49,2
DA:50,2
DA:51,1
DA:52,1
DA:53,6
DA:54,6
DA:55,1
DA:56,1
LF:56
LH:52
BRDA:24,0,0,53
BRDA:28,1,0,18
BRDA:32,2,0,58
BRDA:36,3,0,29
BRDA:40,4,0,18
BRDA:44,5,0,17
BRDA:48,6,0,2
BRDA:52,7,0,6
BRDA:10,8,0,25
BRF:9
BRH:9
end_of_record
TN:
SF:src/domain/checkout/factory/order.factory.ts
FN:17,create
FNF:1
FNH:1
FNDA:1,create
DA:1,1
DA:2,1
DA:3,1
DA:4,1
DA:5,1
DA:6,1
DA:7,1
DA:8,1
DA:9,1
DA:10,1
DA:11,1
DA:12,1
DA:13,1
DA:14,1
DA:15,1
DA:16,1
DA:17,1
DA:18,1
DA:19,1
DA:20,1
DA:21,1
DA:22,1
DA:23,1
LF:23
LH:23
BRDA:17,0,0,1
BRDA:18,1,0,1
BRF:2
BRH:2
end_of_record
TN:
SF:src/domain/checkout/service/order.service.ts
FN:8,total
FN:12,placeOrder
FNF:2
FNH:2
FNDA:1,total
FNDA:1,placeOrder
DA:1,1
DA:2,1
DA:3,1
DA:4,1
DA:5,1
DA:6,1
DA:7,1
DA:8,1
DA:9,1
DA:10,1
DA:11,1
DA:12,1
DA:13,1
DA:14,1
DA:15,0
DA:16,0
DA:17,1
DA:18,1
DA:19,1
DA:20,1
DA:21,1
DA:22,1
DA:23,1
LF:23
LH:21
BRDA:8,0,0,1
BRDA:9,1,0,2
BRDA:12,2,0,1
BRDA:14,3,0,0
BRF:4
BRH:3
end_of_record
TN:
SF:src/domain/customer/entity/customer.ts
FN:16,get id
FN:20,get name
FN:24,get address
FN:28,isActive
FN:32,set id
FN:36,set name
FN:40,validate
FN:49,changeName
FN:53,changeAddress
FN:57,activate
FN:64,deactive
FN:68,addRewardPoints
FN:72,get rewardPoints
FN:10,Customer
FNF:14
FNH:12
FNDA:21,get id
FNDA:16,get name
FNDA:49,get address
FNDA:15,isActive
FNDA:0,set id
FNDA:0,set name
FNDA:24,validate
FNDA:1,changeName
FNDA:16,changeAddress
FNDA:5,activate
FNDA:1,deactive
FNDA:7,addRewardPoints
FNDA:17,get rewardPoints
FNDA:24,Customer
DA:1,1
DA:2,1
DA:3,1
DA:4,1
DA:5,1
DA:6,1
DA:7,1
DA:8,1
DA:9,1
DA:10,1
DA:11,24
DA:12,24
DA:13,24
DA:14,24
DA:15,1
DA:16,1
DA:17,21
DA:18,21
DA:19,1
DA:20,1
DA:21,16
DA:22,16
DA:23,1
DA:24,1
DA:25,49
DA:26,49
DA:27,1
DA:28,1
DA:29,15
DA:30,15
DA:31,1
DA:32,1
DA:33,0
DA:34,0
DA:35,1
DA:36,1
DA:37,0
DA:38,0
DA:39,1
DA:40,1
DA:41,24
DA:42,1
DA:43,1
DA:44,24
DA:45,1
DA:46,1
DA:47,24
DA:48,1
DA:49,1
DA:50,1
DA:51,1
DA:52,1
DA:53,1
DA:54,16
DA:55,16
DA:56,1
DA:57,1
DA:58,5
DA:59,5
DA:60,1
DA:61,1
DA:62,5
DA:63,1
DA:64,1
DA:65,1
DA:66,1
DA:67,1
DA:68,1
DA:69,7
DA:70,7
DA:71,1
DA:72,1
DA:73,17
DA:74,17
DA:75,1
LF:75
LH:71
BRDA:16,0,0,21
BRDA:20,1,0,16
BRDA:24,2,0,49
BRDA:28,3,0,15
BRDA:40,4,0,24
BRDA:41,5,0,1
BRDA:43,6,0,23
BRDA:44,7,0,1
BRDA:49,8,0,1
BRDA:53,9,0,16
BRDA:57,10,0,5
BRDA:59,11,0,1
BRDA:64,12,0,1
BRDA:68,13,0,7
BRDA:72,14,0,17
BRDA:10,15,0,24
BRF:16
BRH:16
end_of_record
TN:
SF:src/domain/customer/event/customer-changed-address.event.ts
FN:7,CustomerChangedAddressEvent
FNF:1
FNH:1
FNDA:1,CustomerChangedAddressEvent
DA:1,1
DA:2,1
DA:3,1
DA:4,1
DA:5,1
DA:6,1
DA:7,1
DA:8,1
DA:9,1
DA:10,1
DA:11,1
DA:12,1
LF:12
LH:12
BRDA:7,0,0,1
BRF:1
BRH:1
end_of_record
TN:
SF:src/domain/customer/event/customer-created.event.ts
FN:8,CustomerCreatedEvent
FNF:1
FNH:1
FNDA:1,CustomerCreatedEvent
DA:1,1
DA:2,1
DA:3,1
DA:4,1
DA:5,1
DA:6,1
DA:7,1
DA:8,1
DA:9,1
DA:10,1
DA:11,1
DA:12,1
DA:13,1
LF:13
LH:13
BRDA:8,0,0,1
BRF:1
BRH:1
end_of_record
TN:
SF:src/domain/customer/event/handler/customer-changed-address-handler.ts.ts
FN:7,handle
FNF:1
FNH:1
FNDA:1,handle
DA:1,1
DA:2,1
DA:3,1
DA:4,1
DA:5,1
DA:6,1
DA:7,1
DA:8,1
DA:9,1
DA:10,1
DA:11,1
DA:12,1
DA:13,1
LF:13
LH:13
BRDA:7,0,0,1
BRF:1
BRH:1
end_of_record
TN:
SF:src/domain/customer/event/handler/send-console-log-1.ts
FN:6,handle
FNF:1
FNH:1
FNDA:1,handle
DA:1,1
DA:2,1
DA:3,1
DA:4,1
DA:5,1
DA:6,1
DA:7,1
DA:8,1
DA:9,1
DA:10,1
DA:11,1
DA:12,1
LF:12
LH:12
BRDA:6,0,0,1
BRF:1
BRH:1
end_of_record
TN:
SF:src/domain/customer/event/handler/send-console-log-2.ts
FN:6,handle
FNF:1
FNH:1
FNDA:1,handle
DA:1,1
DA:2,1
DA:3,1
DA:4,1
DA:5,1
DA:6,1
DA:7,1
DA:8,1
DA:9,1
DA:10,1
DA:11,1
DA:12,1
LF:12
LH:12
BRDA:6,0,0,1
BRF:1
BRH:1
end_of_record
TN:
SF:src/domain/customer/factory/customer.factory.ts
FN:6,create
FN:10,createWithAddress
FNF:2
FNH:2
FNDA:1,create
FNDA:1,createWithAddress
DA:1,1
DA:2,1
DA:3,1
DA:4,1
DA:5,1
DA:6,1
DA:7,1
DA:8,1
DA:9,1
DA:10,1
DA:11,1
DA:12,1
DA:13,1
DA:14,1
DA:15,1
LF:15
LH:15
BRDA:6,0,0,1
BRDA:10,1,0,1
BRF:2
BRH:2
end_of_record
TN:
SF:src/domain/customer/value-object/address.ts
FN:14,validate
FN:29,get street
FN:33,get number
FN:37,get zip
FN:41,get city
FN:7,Address
FNF:6
FNH:5
FNDA:0,validate
FNDA:14,get street
FNDA:14,get number
FNDA:14,get zip
FNDA:14,get city
FNDA:16,Address
DA:1,1
DA:2,1
DA:3,1
DA:4,1
DA:5,1
DA:6,1
DA:7,1
DA:8,16
DA:9,16
DA:10,16
DA:11,16
DA:12,16
DA:13,1
DA:14,1
DA:15,0
DA:16,0
DA:17,0
DA:18,0
DA:19,0
DA:20,0
DA:21,0
DA:22,0
DA:23,0
DA:24,0
DA:25,0
DA:26,0
DA:27,0
DA:28,1
DA:29,1
DA:30,14
DA:31,14
DA:32,1
DA:33,1
DA:34,14
DA:35,14
DA:36,1
DA:37,1
DA:38,14
DA:39,14
DA:40,1
DA:41,1
DA:42,14
DA:43,14
DA:44,1
LF:44
LH:31
BRDA:29,0,0,14
BRDA:33,1,0,14
BRDA:37,2,0,14
BRDA:41,3,0,14
BRDA:7,4,0,16
BRF:5
BRH:5
end_of_record
TN:
SF:src/domain/product/entity/product-b.ts
FN:16,validate
FN:28,changeName
FN:33,changePrice
FN:38,get id
FN:42,get name
FN:46,get price
FN:9,ProductB
FNF:7
FNH:5
FNDA:1,validate
FNDA:0,changeName
FNDA:0,changePrice
FNDA:1,get id
FNDA:1,get name
FNDA:1,get price
FNDA:1,ProductB
DA:1,1
DA:2,1
DA:3,1
DA:4,1
DA:5,1
DA:6,1
DA:7,1
DA:8,1
DA:9,1
DA:10,1
DA:11,1
DA:12,1
DA:13,1
DA:14,1
DA:15,1
DA:16,1
DA:17,1
DA:18,0
DA:19,0
DA:20,1
DA:21,0
DA:22,0
DA:23,1
DA:24,0
DA:25,0
DA:26,1
DA:27,1
DA:28,1
DA:29,0
DA:30,0
DA:31,0
DA:32,1
DA:33,1
DA:34,0
DA:35,0
DA:36,0
DA:37,1
DA:38,1
DA:39,1
DA:40,1
DA:41,1
DA:42,1
DA:43,1
DA:44,1
DA:45,1
DA:46,1
DA:47,1
DA:48,1
DA:49,1
DA:50,1
LF:50
LH:38
BRDA:16,0,0,1
BRDA:17,1,0,0
BRDA:20,2,0,0
BRDA:23,3,0,0
BRDA:38,4,0,1
BRDA:42,5,0,1
BRDA:46,6,0,1
BRDA:9,7,0,1
BRF:8
BRH:5
end_of_record
TN:
SF:src/domain/product/entity/product.ts
FN:16,validate
FN:28,changeName
FN:33,changePrice
FN:38,get id
FN:42,get name
FN:46,get price
FN:9,Product
FNF:7
FNH:7
FNDA:33,validate
FNDA:2,changeName
FNDA:4,changePrice
FNDA:30,get id
FNDA:31,get name
FNDA:37,get price
FNDA:27,Product
DA:1,1
DA:2,1
DA:3,1
DA:4,1
DA:5,1
DA:6,1
DA:7,1
DA:8,1
DA:9,1
DA:10,27
DA:11,27
DA:12,27
DA:13,27
DA:14,27
DA:15,1
DA:16,1
DA:17,33
DA:18,1
DA:19,1
DA:20,33
DA:21,1
DA:22,1
DA:23,33
DA:24,1
DA:25,1
DA:26,33
DA:27,1
DA:28,1
DA:29,2
DA:30,2
DA:31,2
DA:32,1
DA:33,1
DA:34,4
DA:35,4
DA:36,4
DA:37,1
DA:38,1
DA:39,30
DA:40,30
DA:41,1
DA:42,1
DA:43,31
DA:44,31
DA:45,1
DA:46,1
DA:47,37
DA:48,37
DA:49,1
DA:50,1
LF:50
LH:50
BRDA:16,0,0,33
BRDA:17,1,0,1
BRDA:19,2,0,32
BRDA:20,3,0,1
BRDA:22,4,0,31
BRDA:23,5,0,1
BRDA:28,6,0,2
BRDA:33,7,0,4
BRDA:38,8,0,30
BRDA:42,9,0,31
BRDA:46,10,0,37
BRDA:9,11,0,27
BRF:12
BRH:12
end_of_record
TN:
SF:src/domain/product/event/product-created.event.ts
FN:8,ProductCreatedEvent
FNF:1
FNH:1
FNDA:1,ProductCreatedEvent
DA:1,1
DA:2,1
DA:3,1
DA:4,1
DA:5,1
DA:6,1
DA:7,1
DA:8,1
DA:9,1
DA:10,1
DA:11,1
DA:12,1
DA:13,1
LF:13
LH:13
BRDA:8,0,0,1
BRF:1
BRH:1
end_of_record
TN:
SF:src/domain/product/event/handler/send-email-when-product-is-created.handler.ts
FN:6,handle
FNF:1
FNH:1
FNDA:1,handle
DA:1,1
DA:2,1
DA:3,1
DA:4,1
DA:5,1
DA:6,1
DA:7,1
DA:8,1
DA:9,1
DA:10,1
DA:11,1
DA:12,1
LF:12
LH:12
BRDA:6,0,0,1
BRF:1
BRH:1
end_of_record
TN:
SF:src/domain/product/factory/product.factory.ts
FN:7,create
FNF:1
FNH:1
FNDA:3,create
DA:1,1
DA:2,1
DA:3,1
DA:4,1
DA:5,1
DA:6,1
DA:7,1
DA:8,3
DA:9,3
DA:10,1
DA:11,3
DA:12,1
DA:13,3
DA:14,1
DA:15,3
DA:16,3
DA:17,1
LF:17
LH:17
BRDA:7,0,0,3
BRDA:9,1,0,1
BRDA:11,2,0,1
BRDA:13,3,0,1
BRF:4
BRH:4
end_of_record
TN:
SF:src/domain/product/service/product.service.ts
FN:5,increasePrice
FNF:1
FNH:1
FNDA:1,increasePrice
DA:1,1
DA:2,1
DA:3,1
DA:4,1
DA:5,1
DA:6,1
DA:7,2
DA:8,2
DA:9,1
DA:10,1
DA:11,1
DA:12,1
DA:13,1
LF:13
LH:13
BRDA:5,0,0,1
BRDA:6,1,0,2
BRF:2
BRH:2
end_of_record
TN:
SF:src/infrastructure/customer/repository/sequelize/costumer.model.ts
FNF:0
FNH:0
DA:1,1
DA:2,1
DA:3,1
DA:4,1
DA:5,1
DA:6,1
DA:7,1
DA:8,1
DA:9,1
DA:10,1
DA:11,1
DA:12,1
DA:13,1
DA:14,1
DA:15,1
DA:16,1
DA:17,1
DA:18,1
DA:19,1
DA:20,1
DA:21,1
DA:22,1
DA:23,1
DA:24,1
DA:25,1
DA:26,1
DA:27,1
DA:28,1
DA:29,1
DA:30,1
DA:31,1
DA:32,1
DA:33,1
DA:34,1
DA:35,1
DA:36,1
DA:37,1
DA:38,1
DA:39,1
DA:40,1
DA:41,1
DA:42,1
DA:43,1
DA:44,1
DA:45,1
DA:46,1
LF:46
LH:46
BRF:0
BRH:0
end_of_record
TN:
SF:src/infrastructure/customer/repository/sequelize/customer.repository.ts
FN:8,create
FN:21,update
FN:38,find
FN:64,findAll
FNF:4
FNH:4
FNDA:10,create
FNDA:1,update
FNDA:2,find
FNDA:1,findAll
DA:1,1
DA:2,1
DA:3,1
DA:4,1
DA:5,1
DA:6,1
DA:7,1
DA:8,1
DA:9,10
DA:10,10
DA:11,10
DA:12,10
DA:13,10
DA:14,10
DA:15,10
DA:16,10
DA:17,10
DA:18,10
DA:19,10
DA:20,1
DA:21,1
DA:22,1
DA:23,1
DA:24,1
DA:25,1
DA:26,1
DA:27,1
DA:28,1
DA:29,1
DA:30,1
DA:31,1
DA:32,1
DA:33,1
DA:34,1
DA:35,1
DA:36,1
DA:37,1
DA:38,1
DA:39,2
DA:40,2
DA:41,2
DA:42,2
DA:43,2
DA:44,2
DA:45,2
DA:46,2
DA:47,2
DA:48,1
DA:49,1
DA:50,1
DA:51,1
DA:52,1
DA:53,1
DA:54,1
DA:55,1
DA:56,1
DA:57,1
DA:58,1
DA:59,1
DA:60,1
DA:61,1
DA:62,1
DA:63,1
DA:64,1
DA:65,1
DA:66,1
DA:67,2
DA:68,2
DA:69,2
DA:70,2
DA:71,2
DA:72,2
DA:73,2
DA:74,2
DA:75,2
DA:76,2
DA:77,2
DA:78,2
DA:79,2
DA:80,2
DA:81,1
DA:82,1
DA:83,1
DA:84,1
LF:84
LH:84
BRDA:8,0,0,10
BRDA:21,1,0,1
BRDA:38,2,0,2
BRDA:47,3,0,1
BRDA:64,4,0,1
BRDA:66,5,0,2
BRF:6
BRH:6
end_of_record
TN:
SF:src/infrastructure/order/repository/sequelize/order-item.model.ts
FNF:0
FNH:0
DA:1,1
DA:2,1
DA:3,1
DA:4,1
DA:5,1
DA:6,1
DA:7,1
DA:8,1
DA:9,1
DA:10,1
DA:11,1
DA:12,1
DA:13,1
DA:14,1
DA:15,1
DA:16,1
DA:17,1
DA:18,1
DA:19,1
DA:20,1
DA:21,1
DA:22,1
DA:23,1
DA:24,1
DA:25,1
DA:26,1
DA:27,1
DA:28,1
DA:29,1
DA:30,1
DA:31,1
DA:32,1
DA:33,1
DA:34,1
DA:35,1
DA:36,1
DA:37,1
DA:38,1
DA:39,1
DA:40,1
DA:41,1
DA:42,1
DA:43,1
DA:44,1
DA:45,1
DA:46,1
DA:47,1
LF:47
LH:47
BRDA:22,0,0,0
BRDA:31,1,0,0
BRDA:15,2,0,30
BRDA:21,3,0,12
BRDA:24,4,0,12
BRDA:30,5,0,12
BRF:6
BRH:4
end_of_record
TN:
SF:src/infrastructure/order/repository/sequelize/order.model.ts
FNF:0
FNH:0
DA:1,1
DA:2,1
DA:3,1
DA:4,1
DA:5,1
DA:6,1
DA:7,1
DA:8,1
DA:9,1
DA:10,1
DA:11,1
DA:12,1
DA:13,1
DA:14,1
DA:15,1
DA:16,1
DA:17,1
DA:18,1
DA:19,1
DA:20,1
DA:21,1
DA:22,1
DA:23,1
DA:24,1
DA:25,1
DA:26,1
DA:27,1
DA:28,1
DA:29,1
DA:30,1
LF:30
LH:30
BRDA:21,0,0,0
BRDA:14,1,0,6
BRDA:20,2,0,18
BRDA:23,3,0,18
BRF:4
BRH:3
end_of_record
TN:
SF:src/infrastructure/order/repository/sequelize/order.repository.ts
FN:8,create
FN:25,update
FN:62,find
FN:71,findAll
FNF:4
FNH:4
FNDA:6,create
FNDA:2,update
FNDA:3,find
FNDA:1,findAll
DA:1,1
DA:2,1
DA:3,1
DA:4,1
DA:5,1
DA:6,1
DA:7,1
DA:8,1
DA:9,6
DA:10,6
DA:11,6
DA:12,6
DA:13,6
DA:14,9
DA:15,9
DA:16,9
DA:17,9
DA:18,9
DA:19,9
DA:20,6
DA:21,6
DA:22,6
DA:23,6
DA:24,1
DA:25,1
DA:26,2
DA:27,2
DA:28,2
DA:29,2
DA:30,6
DA:31,6
DA:32,6
DA:33,6
DA:34,6
DA:35,6
DA:36,2
DA:37,2
DA:38,2
DA:39,2
DA:40,2
DA:41,2
DA:42,2
DA:43,6
DA:44,2
DA:45,2
DA:46,2
DA:47,4
DA:48,4
DA:49,6
DA:50,2
DA:51,2
DA:52,2
DA:53,2
DA:54,2
DA:55,2
DA:56,2
DA:57,2
DA:58,2
DA:59,6
DA:60,2
DA:61,1
DA:62,1
DA:63,3
DA:64,3
DA:65,2
DA:66,2
DA:67,2
DA:68,2
DA:69,2
DA:70,1
DA:71,1
DA:72,1
DA:73,1
DA:74,1
DA:75,1
DA:76,2
DA:77,2
DA:78,2
DA:79,1
DA:80,1
DA:81,1
DA:82,1
LF:82
LH:82
BRDA:8,0,0,6
BRDA:13,1,0,9
BRDA:25,2,0,2
BRDA:42,3,0,6
BRDA:43,4,0,2
BRDA:46,5,0,4
BRDA:49,6,0,2
BRDA:29,7,0,6
BRDA:62,8,0,3
BRDA:64,9,0,1
BRDA:64,10,0,2
BRDA:65,11,0,4
BRDA:71,12,0,1
BRDA:73,13,0,0
BRDA:75,14,0,2
BRDA:76,15,0,3
BRF:16
BRH:15
end_of_record
TN:
SF:src/infrastructure/product/repository/sequelize/product.model.ts
FNF:0
FNH:0
DA:1,1
DA:2,1
DA:3,1
DA:4,1
DA:5,1
DA:6,1
DA:7,1
DA:8,1
DA:9,1
DA:10,1
DA:11,1
DA:12,1
DA:13,1
DA:14,1
DA:15,1
DA:16,1
DA:17,1
DA:18,1
DA:19,1
DA:20,1
DA:21,1
LF:21
LH:21
BRF:0
BRH:0
end_of_record
TN:
SF:src/infrastructure/product/repository/sequelize/product.repository.ts
FN:7,create
FN:15,update
FN:26,find
FN:36,findAll
FNF:4
FNH:4
FNDA:16,create
FNDA:1,update
FNDA:1,find
FNDA:1,findAll
DA:1,1
DA:2,1
DA:3,1
DA:4,1
DA:5,1
DA:6,1
DA:7,1
DA:8,16
DA:9,16
DA:10,16
DA:11,16
DA:12,16
DA:13,16
DA:14,1
DA:15,1
DA:16,1
DA:17,1
DA:18,1
DA:19,1
DA:20,1
DA:21,1
DA:22,1
DA:23,1
DA:24,1
DA:25,1
DA:26,1
DA:27,1
DA:28,1
DA:29,1
DA:30,1
DA:31,1
DA:32,1
DA:33,1
DA:34,1
DA:35,1
DA:36,1
DA:37,1
DA:38,1
DA:39,2
DA:40,1
DA:41,1
DA:42,1
DA:43,1
DA:44,1
LF:44
LH:44
BRDA:7,0,0,16
BRDA:15,1,0,1
BRDA:26,2,0,1
BRDA:36,3,0,1
BRDA:38,4,0,2
BRF:5
BRH:5
end_of_record
