TN:
SF:src/infrastructure/api/express.ts
FN:26,init
FNF:1
FNH:1
FNDA:4,init
DA:1,1
DA:2,1
DA:3,1
DA:4,1
DA:5,1
DA:6,1
DA:7,1
DA:8,1
DA:9,1
DA:10,1
DA:11,1
DA:12,1
DA:13,1
DA:14,1
DA:15,1
DA:16,1
DA:17,1
DA:18,1
DA:19,1
DA:20,1
DA:21,1
DA:22,1
DA:23,1
DA:24,1
DA:25,1
DA:26,1
DA:27,4
DA:28,4
DA:29,4
DA:30,4
DA:31,4
DA:32,4
DA:33,4
DA:34,4
DA:35,4
DA:36,1
LF:36
LH:36
BRDA:26,0,0,4
BRF:1
BRH:1
end_of_record
TN:
SF:src/infrastructure/api/routes/checkout.route.ts
FNF:0
FNH:0
DA:1,1
DA:2,1
DA:3,1
DA:4,1
DA:5,1
DA:6,1
DA:7,1
DA:8,1
DA:9,1
DA:10,1
DA:11,1
DA:12,1
DA:13,1
DA:14,1
DA:15,1
DA:16,1
DA:17,1
DA:18,1
DA:19,1
DA:20,1
DA:21,1
DA:22,1
DA:23,1
DA:24,1
DA:25,1
DA:26,1
DA:27,1
DA:28,1
DA:29,1
DA:30,1
DA:31,0
DA:32,0
DA:33,0
DA:34,0
DA:35,0
DA:36,1
LF:36
LH:31
BRDA:13,0,0,1
BRDA:30,1,0,0
BRF:2
BRH:1
end_of_record
TN:
SF:src/infrastructure/api/routes/clients.route.ts
FNF:0
FNH:0
DA:1,1
DA:2,1
DA:3,1
DA:4,1
DA:5,1
DA:6,1
DA:7,1
DA:8,1
DA:9,2
DA:10,2
DA:11,2
DA:12,2
DA:13,2
DA:14,2
DA:15,2
DA:16,2
DA:17,2
DA:18,2
DA:19,2
DA:20,2
DA:21,2
DA:22,2
DA:23,2
DA:24,2
DA:25,2
DA:26,2
DA:27,2
DA:28,0
DA:29,0
DA:30,2
LF:30
LH:28
BRDA:8,0,0,2
BRDA:27,1,0,0
BRF:2
BRH:1
end_of_record
TN:
SF:src/infrastructure/api/routes/invoice.route.ts
FNF:0
FNH:0
DA:1,1
DA:2,1
DA:3,1
DA:4,1
DA:5,1
DA:6,1
DA:7,1
DA:8,1
DA:9,1
DA:10,1
DA:11,1
DA:12,1
DA:13,1
DA:14,1
DA:15,1
DA:16,1
DA:17,1
DA:18,1
DA:19,1
DA:20,0
DA:21,0
DA:22,0
DA:23,1
DA:24,1
DA:25,1
DA:26,1
DA:27,1
DA:28,1
DA:29,1
DA:30,1
DA:31,1
DA:32,1
DA:33,1
DA:34,1
DA:35,1
DA:36,1
DA:37,1
DA:38,1
DA:39,1
DA:40,1
DA:41,1
DA:42,1
DA:43,0
DA:44,0
DA:45,1
LF:45
LH:40
BRDA:10,0,0,1
BRDA:19,1,0,0
BRDA:25,2,0,1
BRDA:42,3,0,0
BRF:4
BRH:2
end_of_record
TN:
SF:src/infrastructure/api/routes/product-store.route.ts
FNF:0
FNH:0
DA:1,1
DA:2,1
DA:3,1
DA:4,1
DA:5,1
DA:6,1
DA:7,1
DA:8,1
DA:9,2
DA:10,2
DA:11,2
DA:12,2
DA:13,2
DA:14,2
DA:15,2
DA:16,2
DA:17,2
DA:18,2
DA:19,0
DA:20,0
DA:21,0
DA:22,0
DA:23,0
DA:24,2
LF:24
LH:19
BRDA:8,0,0,2
BRDA:18,1,0,0
BRF:2
BRH:1
end_of_record
TN:
SF:src/infrastructure/api/routes/product.route.ts
FNF:0
FNH:0
DA:1,1
DA:2,1
DA:3,1
DA:4,1
DA:5,1
DA:6,1
DA:7,1
DA:8,1
DA:9,3
DA:10,3
DA:11,3
DA:12,3
DA:13,3
DA:14,3
DA:15,3
DA:16,3
DA:17,3
DA:18,3
DA:19,3
DA:20,3
DA:21,0
DA:22,0
DA:23,0
DA:24,0
DA:25,0
DA:26,3
LF:26
LH:21
BRDA:8,0,0,3
BRDA:20,1,0,0
BRF:2
BRH:1
end_of_record
TN:
SF:src/infrastructure/test-migrations/config-migrations/migrator.ts
FN:5,migrator
FNF:1
FNH:1
FNDA:4,migrator
DA:1,1
DA:2,1
DA:3,1
DA:4,1
DA:5,1
DA:6,4
DA:7,4
DA:8,4
DA:9,4
DA:10,4
DA:11,4
DA:12,4
DA:13,4
DA:14,4
DA:15,4
DA:16,4
DA:17,4
DA:18,4
DA:19,4
DA:20,4
DA:21,4
DA:22,4
DA:23,4
LF:23
LH:23
BRDA:5,0,0,4
BRF:1
BRH:1
end_of_record
TN:
SF:src/infrastructure/test-migrations/migrations/2023.02.16T20.54.22.create-client-table.ts
FN:4,up
FN:60,down
FNF:2
FNH:1
FNDA:2,up
FNDA:0,down
DA:1,1
DA:2,1
DA:3,1
DA:4,1
DA:5,2
DA:6,2
DA:7,2
DA:8,2
DA:9,2
DA:10,2
DA:11,2
DA:12,2
DA:13,2
DA:14,2
DA:15,2
DA:16,2
DA:17,2
DA:18,2
DA:19,2
DA:20,2
DA:21,2
DA:22,2
DA:23,2
DA:24,2
DA:25,2
DA:26,2
DA:27,2
DA:28,2
DA:29,2
DA:30,2
DA:31,2
DA:32,2
DA:33,2
DA:34,2
DA:35,2
DA:36,2
DA:37,2
DA:38,2
DA:39,2
DA:40,2
DA:41,2
DA:42,2
DA:43,2
DA:44,2
DA:45,2
DA:46,2
DA:47,2
DA:48,2
DA:49,2
DA:50,2
DA:51,2
DA:52,2
DA:53,2
DA:54,2
DA:55,2
DA:56,2
DA:57,2
DA:58,2
DA:59,1
DA:60,1
DA:61,0
DA:62,0
LF:62
LH:60
BRDA:4,0,0,2
BRF:1
BRH:1
end_of_record
TN:
SF:src/infrastructure/test-migrations/migrations/2023.02.16T20.54.22.create-transaction-table.ts
FN:4,up
FN:35,down
FNF:2
FNH:1
FNDA:2,up
FNDA:0,down
DA:1,1
DA:2,1
DA:3,1
DA:4,1
DA:5,2
DA:6,2
DA:7,2
DA:8,2
DA:9,2
DA:10,2
DA:11,2
DA:12,2
DA:13,2
DA:14,2
DA:15,2
DA:16,2
DA:17,2
DA:18,2
DA:19,2
DA:20,2
DA:21,2
DA:22,2
DA:23,2
DA:24,2
DA:25,2
DA:26,2
DA:27,2
DA:28,2
DA:29,2
DA:30,2
DA:31,2
DA:32,2
DA:33,2
DA:34,1
DA:35,1
DA:36,0
DA:37,0
DA:38,0
LF:38
LH:35
BRDA:4,0,0,2
BRF:1
BRH:1
end_of_record
TN:
SF:src/infrastructure/test-migrations/migrations/2023.02.16T20.54.22.product-migration.ts
FN:4,up
FN:43,down
FNF:2
FNH:1
FNDA:2,up
FNDA:0,down
DA:1,1
DA:2,1
DA:3,1
DA:4,1
DA:5,2
DA:6,2
DA:7,2
DA:8,2
DA:9,2
DA:10,2
DA:11,2
DA:12,2
DA:13,2
DA:14,2
DA:15,2
DA:16,2
DA:17,2
DA:18,2
DA:19,2
DA:20,2
DA:21,2
DA:22,2
DA:23,2
DA:24,2
DA:25,2
DA:26,2
DA:27,2
DA:28,2
DA:29,2
DA:30,2
DA:31,2
DA:32,2
DA:33,2
DA:34,2
DA:35,2
DA:36,2
DA:37,2
DA:38,2
DA:39,2
DA:40,2
DA:41,2
DA:42,1
DA:43,1
DA:44,0
DA:45,0
LF:45
LH:43
BRDA:4,0,0,2
BRF:1
BRH:1
end_of_record
TN:
SF:src/infrastructure/test-migrations/migrations/2024.04.17T18.56.00.create-invoice-table.ts
FN:4,up
FN:56,down
FNF:2
FNH:1
FNDA:2,up
FNDA:0,down
DA:1,1
DA:2,1
DA:3,1
DA:4,1
DA:5,2
DA:6,2
DA:7,2
DA:8,2
DA:9,2
DA:10,2
DA:11,2
DA:12,2
DA:13,2
DA:14,2
DA:15,2
DA:16,2
DA:17,2
DA:18,2
DA:19,2
DA:20,2
DA:21,2
DA:22,2
DA:23,2
DA:24,2
DA:25,2
DA:26,2
DA:27,2
DA:28,2
DA:29,2
DA:30,2
DA:31,2
DA:32,2
DA:33,2
DA:34,2
DA:35,2
DA:36,2
DA:37,2
DA:38,2
DA:39,2
DA:40,2
DA:41,2
DA:42,2
DA:43,2
DA:44,2
DA:45,2
DA:46,2
DA:47,2
DA:48,2
DA:49,2
DA:50,2
DA:51,2
DA:52,2
DA:53,2
DA:54,2
DA:55,1
DA:56,1
DA:57,0
DA:58,0
DA:59,0
DA:60,0
LF:60
LH:56
BRDA:4,0,0,2
BRF:1
BRH:1
end_of_record
TN:
SF:src/infrastructure/test-migrations/migrations/2024.04.17T19.00.00.create-invoice-itens-table.ts
FN:4,up
FN:39,down
FNF:2
FNH:2
FNDA:2,up
FNDA:2,down
DA:1,1
DA:2,1
DA:3,1
DA:4,1
DA:5,2
DA:6,2
DA:7,2
DA:8,2
DA:9,2
DA:10,2
DA:11,2
DA:12,2
DA:13,2
DA:14,2
DA:15,2
DA:16,2
DA:17,2
DA:18,2
DA:19,2
DA:20,2
DA:21,2
DA:22,2
DA:23,2
DA:24,2
DA:25,2
DA:26,2
DA:27,2
DA:28,2
DA:29,2
DA:30,2
DA:31,2
DA:32,2
DA:33,2
DA:34,2
DA:35,2
DA:36,2
DA:37,2
DA:38,1
DA:39,1
DA:40,2
DA:41,2
DA:42,2
LF:42
LH:42
BRDA:4,0,0,2
BRDA:39,1,0,2
BRF:2
BRH:2
end_of_record
TN:
SF:src/modules/@shared/domain/entity/base.entity.ts
FN:14,get id
FN:18,get createdAt
FN:22,get updatedAt
FN:8,BaseEntity
FNF:4
FNH:4
FNDA:120,get id
FNDA:38,get createdAt
FNDA:36,get updatedAt
FNDA:80,BaseEntity
DA:1,1
DA:2,1
DA:3,1
DA:4,1
DA:5,1
DA:6,1
DA:7,1
DA:8,1
DA:9,80
DA:10,80
DA:11,80
DA:12,80
DA:13,1
DA:14,1
DA:15,120
DA:16,120
DA:17,1
DA:18,1
DA:19,38
DA:20,38
DA:21,1
DA:22,1
DA:23,36
DA:24,36
DA:25,1
LF:25
LH:25
BRDA:14,0,0,120
BRDA:18,1,0,38
BRDA:22,2,0,36
BRDA:8,3,0,80
BRDA:9,4,0,12
BRF:5
BRH:5
end_of_record
TN:
SF:src/modules/@shared/domain/value-object/address.ts
FN:21,get street
FN:25,get number
FN:29,get complement
FN:33,get city
FN:37,get state
FN:41,get zipCode
FN:45,validate
FN:11,Address
FNF:8
FNH:7
FNDA:26,get street
FNDA:24,get number
FNDA:24,get complement
FNDA:24,get city
FNDA:24,get state
FNDA:24,get zipCode
FNDA:0,validate
FNDA:18,Address
DA:1,1
DA:2,1
DA:3,1
DA:4,1
DA:5,1
DA:6,1
DA:7,1
DA:8,1
DA:9,1
DA:10,1
DA:11,1
DA:12,18
DA:13,18
DA:14,18
DA:15,18
DA:16,18
DA:17,18
DA:18,18
DA:19,18
DA:20,1
DA:21,1
DA:22,26
DA:23,26
DA:24,1
DA:25,1
DA:26,24
DA:27,24
DA:28,1
DA:29,1
DA:30,24
DA:31,24
DA:32,1
DA:33,1
DA:34,24
DA:35,24
DA:36,1
DA:37,1
DA:38,24
DA:39,24
DA:40,1
DA:41,1
DA:42,24
DA:43,24
DA:44,1
DA:45,1
DA:46,0
DA:47,0
DA:48,0
DA:49,0
DA:50,0
DA:51,0
DA:52,0
DA:53,0
DA:54,0
DA:55,0
DA:56,0
DA:57,0
DA:58,0
DA:59,0
DA:60,0
DA:61,0
DA:62,0
DA:63,0
DA:64,0
DA:65,1
LF:65
LH:46
BRDA:21,0,0,26
BRDA:25,1,0,24
BRDA:29,2,0,24
BRDA:33,3,0,24
BRDA:37,4,0,24
BRDA:41,5,0,24
BRDA:11,6,0,18
BRF:7
BRH:7
end_of_record
TN:
SF:src/modules/@shared/domain/value-object/id.value-object.ts
FN:11,get id
FN:15,get value
FN:7,Id
FNF:3
FNH:3
FNDA:113,get id
FNDA:4,get value
FNDA:78,Id
DA:1,1
DA:2,1
DA:3,1
DA:4,1
DA:5,1
DA:6,1
DA:7,1
DA:8,78
DA:9,78
DA:10,1
DA:11,1
DA:12,113
DA:13,113
DA:14,1
DA:15,1
DA:16,4
DA:17,4
DA:18,1
LF:18
LH:18
BRDA:11,0,0,113
BRDA:15,1,0,4
BRDA:7,2,0,78
BRDA:8,3,0,20
BRF:4
BRH:4
end_of_record
TN:
SF:src/modules/checkout/domain/client.entity.ts
FN:24,get Name
FN:28,get Email
FN:32,get Address
FN:17,Client
FNF:4
FNH:1
FNDA:0,get Name
FNDA:0,get Email
FNDA:0,get Address
FNDA:3,Client
DA:1,1
DA:2,1
DA:3,1
DA:4,1
DA:5,1
DA:6,1
DA:7,1
DA:8,1
DA:9,1
DA:10,1
DA:11,1
DA:12,1
DA:13,1
DA:14,1
DA:15,1
DA:16,1
DA:17,1
DA:18,3
DA:19,3
DA:20,3
DA:21,3
DA:22,3
DA:23,1
DA:24,1
DA:25,0
DA:26,0
DA:27,1
DA:28,1
DA:29,0
DA:30,0
DA:31,1
DA:32,1
DA:33,0
DA:34,0
DA:35,1
LF:35
LH:29
BRDA:17,0,0,3
BRF:1
BRH:1
end_of_record
TN:
SF:src/modules/checkout/domain/order.entity.ts
FN:25,approved
FN:29,get client
FN:33,get products
FN:37,get status
FN:41,get total
FN:18,Order
FNF:6
FNH:5
FNDA:2,approved
FNDA:0,get client
FNDA:6,get products
FNDA:3,get status
FNDA:6,get total
FNDA:3,Order
DA:1,1
DA:2,1
DA:3,1
DA:4,1
DA:5,1
DA:6,1
DA:7,1
DA:8,1
DA:9,1
DA:10,1
DA:11,1
DA:12,1
DA:13,1
DA:14,1
DA:15,1
DA:16,1
DA:17,1
DA:18,1
DA:19,3
DA:20,3
DA:21,3
DA:22,3
DA:23,3
DA:24,1
DA:25,1
DA:26,2
DA:27,2
DA:28,1
DA:29,1
DA:30,0
DA:31,0
DA:32,1
DA:33,1
DA:34,6
DA:35,6
DA:36,1
DA:37,1
DA:38,3
DA:39,3
DA:40,1
DA:41,1
DA:42,6
DA:43,6
DA:44,1
LF:44
LH:42
BRDA:25,0,0,2
BRDA:33,1,0,6
BRDA:37,2,0,3
BRDA:41,3,0,6
BRDA:42,4,0,12
BRDA:18,5,0,3
BRF:6
BRH:6
end_of_record
TN:
SF:src/modules/checkout/domain/product.entity.ts
FN:24,get name
FN:28,get description
FN:32,get salesPrice
FN:17,Product
FNF:4
FNH:3
FNDA:6,get name
FNDA:0,get description
FNDA:18,get salesPrice
FNDA:6,Product
DA:1,1
DA:2,1
DA:3,1
DA:4,1
DA:5,1
DA:6,1
DA:7,1
DA:8,1
DA:9,1
DA:10,1
DA:11,1
DA:12,1
DA:13,1
DA:14,1
DA:15,1
DA:16,1
DA:17,1
DA:18,6
DA:19,6
DA:20,6
DA:21,6
DA:22,6
DA:23,1
DA:24,1
DA:25,6
DA:26,6
DA:27,1
DA:28,1
DA:29,0
DA:30,0
DA:31,1
DA:32,1
DA:33,18
DA:34,18
DA:35,1
LF:35
LH:33
BRDA:24,0,0,6
BRDA:32,1,0,18
BRDA:17,2,0,6
BRF:3
BRH:3
end_of_record
TN:
SF:src/modules/checkout/repository/fakeCheckout.repository.ts
FN:5,addOrder
FN:9,findOrder
FNF:2
FNH:1
FNDA:1,addOrder
FNDA:0,findOrder
DA:1,1
DA:2,1
DA:3,1
DA:4,1
DA:5,1
DA:6,1
DA:7,1
DA:8,1
DA:9,1
DA:10,0
DA:11,0
DA:12,1
DA:13,1
LF:13
LH:11
BRDA:5,0,0,1
BRF:1
BRH:1
end_of_record
TN:
SF:src/modules/checkout/usecase/place-order/place-order.usecase.ts
FN:37,execute
FN:95,validateProducts
FN:108,getProduct
FN:23,PlaceOrderUseCase
FNF:4
FNH:4
FNDA:5,execute
FNDA:5,validateProducts
FNDA:4,getProduct
FNDA:6,PlaceOrderUseCase
DA:1,1
DA:2,1
DA:3,1
DA:4,1
DA:5,1
DA:6,1
DA:7,1
DA:8,1
DA:9,1
DA:10,1
DA:11,1
DA:12,1
DA:13,1
DA:14,1
DA:15,1
DA:16,1
DA:17,1
DA:18,1
DA:19,1
DA:20,1
DA:21,1
DA:22,1
DA:23,1
DA:24,6
DA:25,6
DA:26,6
DA:27,6
DA:28,6
DA:29,6
DA:30,6
DA:31,6
DA:32,6
DA:33,6
DA:34,6
DA:35,6
DA:36,1
DA:37,1
DA:38,5
DA:39,5
DA:40,1
DA:41,1
DA:42,4
DA:43,4
DA:44,3
DA:45,3
DA:46,3
DA:47,3
DA:48,3
DA:49,3
DA:50,3
DA:51,3
DA:52,3
DA:53,3
DA:54,3
DA:55,3
DA:56,3
DA:57,3
DA:58,3
DA:59,3
DA:60,3
DA:61,3
DA:62,3
DA:63,3
DA:64,3
DA:65,3
DA:66,3
DA:67,5
DA:68,2
DA:69,2
DA:70,2
DA:71,2
DA:72,2
DA:73,2
DA:74,2
DA:75,2
DA:76,2
DA:77,2
DA:78,5
DA:79,5
DA:80,5
DA:81,5
DA:82,5
DA:83,5
DA:84,5
DA:85,5
DA:86,5
DA:87,5
DA:88,5
DA:89,5
DA:90,6
DA:91,6
DA:92,5
DA:93,5
DA:94,1
DA:95,1
DA:96,5
DA:97,1
DA:98,1
DA:99,4
DA:100,5
DA:101,7
DA:102,7
DA:103,3
DA:104,3
DA:105,7
DA:106,1
DA:107,1
DA:108,1
DA:109,4
DA:110,4
DA:111,4
DA:112,1
DA:113,1
DA:114,3
DA:115,3
DA:116,3
DA:117,3
DA:118,3
DA:119,3
DA:120,3
DA:121,3
DA:122,1
LF:122
LH:122
BRDA:37,0,0,5
BRDA:39,1,0,1
BRDA:41,2,0,4
BRDA:43,3,0,3
BRDA:67,4,0,2
BRDA:77,5,0,1
BRDA:79,6,0,2
BRDA:86,7,0,2
BRDA:86,8,0,1
BRDA:46,9,0,6
BRDA:76,10,0,4
BRDA:89,11,0,6
BRDA:95,12,0,5
BRDA:96,13,0,1
BRDA:98,14,0,4
BRDA:100,15,0,7
BRDA:102,16,0,3
BRDA:105,17,0,1
BRDA:108,18,0,4
BRDA:111,19,0,3
BRDA:111,20,0,1
BRDA:23,21,0,6
BRF:22
BRH:22
end_of_record
TN:
SF:src/modules/client-adm/domain/client.entity.ts
FN:31,get name
FN:35,get email
FN:39,get document
FN:43,get address
FN:23,Client
FNF:5
FNH:5
FNDA:16,get name
FNDA:16,get email
FNDA:14,get document
FNDA:91,get address
FNDA:10,Client
DA:1,1
DA:2,1
DA:3,1
DA:4,1
DA:5,1
DA:6,1
DA:7,1
DA:8,1
DA:9,1
DA:10,1
DA:11,1
DA:12,1
DA:13,1
DA:14,1
DA:15,1
DA:16,1
DA:17,1
DA:18,1
DA:19,1
DA:20,1
DA:21,1
DA:22,1
DA:23,1
DA:24,10
DA:25,10
DA:26,10
DA:27,10
DA:28,10
DA:29,10
DA:30,1
DA:31,1
DA:32,16
DA:33,16
DA:34,1
DA:35,1
DA:36,16
DA:37,16
DA:38,1
DA:39,1
DA:40,14
DA:41,14
DA:42,1
DA:43,1
DA:44,91
DA:45,91
DA:46,1
DA:47,1
LF:47
LH:47
BRDA:31,0,0,16
BRDA:35,1,0,16
BRDA:39,2,0,14
BRDA:43,3,0,91
BRDA:23,4,0,10
BRF:5
BRH:5
end_of_record
TN:
SF:src/modules/client-adm/facade/client-adm.facade.ts
FN:22,add
FN:25,find
FN:17,ClientAdmFacade
FNF:3
FNH:3
FNDA:2,add
FNDA:2,find
FNDA:3,ClientAdmFacade
DA:1,1
DA:2,1
DA:3,1
DA:4,1
DA:5,1
DA:6,1
DA:7,1
DA:8,1
DA:9,1
DA:10,1
DA:11,1
DA:12,1
DA:13,1
DA:14,1
DA:15,1
DA:16,1
DA:17,1
DA:18,3
DA:19,3
DA:20,3
DA:21,1
DA:22,1
DA:23,2
DA:24,2
DA:25,1
DA:26,2
DA:27,2
DA:28,2
DA:29,2
DA:30,1
LF:30
LH:30
BRDA:22,0,0,2
BRDA:25,1,0,2
BRDA:17,2,0,3
BRF:3
BRH:3
end_of_record
TN:
SF:src/modules/client-adm/factory/client-adm.facade.factory.ts
FN:7,create
FNF:1
FNH:1
FNDA:3,create
DA:1,1
DA:2,1
DA:3,1
DA:4,1
DA:5,1
DA:6,1
DA:7,1
DA:8,3
DA:9,3
DA:10,3
DA:11,3
DA:12,3
DA:13,3
DA:14,3
DA:15,3
DA:16,3
DA:17,3
DA:18,1
LF:18
LH:18
BRDA:7,0,0,3
BRF:1
BRH:1
end_of_record
TN:
SF:src/modules/client-adm/repository/client.model.ts
FNF:0
FNH:0
DA:1,1
DA:2,1
DA:3,1
DA:4,1
DA:5,1
DA:6,1
DA:7,1
DA:8,1
DA:9,1
DA:10,1
DA:11,1
DA:12,1
DA:13,1
DA:14,1
DA:15,1
DA:16,1
DA:17,1
DA:18,1
DA:19,1
DA:20,1
DA:21,1
DA:22,1
DA:23,1
DA:24,1
DA:25,1
DA:26,1
DA:27,1
DA:28,1
DA:29,1
DA:30,1
DA:31,1
DA:32,1
DA:33,1
DA:34,1
DA:35,1
DA:36,1
DA:37,1
DA:38,1
DA:39,1
DA:40,1
DA:41,1
DA:42,1
DA:43,1
DA:44,1
LF:44
LH:44
BRDA:40,0,0,0
BRDA:43,1,0,0
BRF:2
BRH:0
end_of_record
TN:
SF:src/modules/client-adm/repository/client.repository.ts
FN:9,add
FN:27,find
FNF:2
FNH:2
FNDA:5,add
FNDA:3,find
DA:1,1
DA:2,1
DA:3,1
DA:4,1
DA:5,1
DA:6,1
DA:7,1
DA:8,1
DA:9,1
DA:10,5
DA:11,5
DA:12,5
DA:13,5
DA:14,5
DA:15,5
DA:16,5
DA:17,5
DA:18,5
DA:19,5
DA:20,5
DA:21,5
DA:22,5
DA:23,5
DA:24,5
DA:25,5
DA:26,1
DA:27,1
DA:28,3
DA:29,3
DA:30,3
DA:31,3
DA:32,0
DA:33,0
DA:34,3
DA:35,3
DA:36,3
DA:37,3
DA:38,3
DA:39,3
DA:40,3
DA:41,3
DA:42,3
DA:43,3
DA:44,3
DA:45,3
DA:46,3
DA:47,3
DA:48,3
DA:49,3
DA:50,3
DA:51,3
DA:52,1
LF:52
LH:50
BRDA:9,0,0,5
BRDA:27,1,0,3
BRDA:31,2,0,0
BRF:3
BRH:2
end_of_record
TN:
SF:src/modules/client-adm/usecase/add-client/add-client.usecase.ts
FN:15,execute
FN:11,AddClientUseCase
FNF:2
FNH:2
FNDA:5,execute
FNDA:6,AddClientUseCase
DA:1,1
DA:2,1
DA:3,1
DA:4,1
DA:5,1
DA:6,1
DA:7,1
DA:8,1
DA:9,1
DA:10,1
DA:11,1
DA:12,6
DA:13,6
DA:14,1
DA:15,1
DA:16,5
DA:17,5
DA:18,5
DA:19,5
DA:20,5
DA:21,5
DA:22,5
DA:23,5
DA:24,5
DA:25,5
DA:26,5
DA:27,5
DA:28,5
DA:29,5
DA:30,5
DA:31,5
DA:32,5
DA:33,5
DA:34,5
DA:35,5
DA:36,5
DA:37,5
DA:38,5
DA:39,5
DA:40,5
DA:41,5
DA:42,5
DA:43,5
DA:44,5
DA:45,5
DA:46,5
DA:47,5
DA:48,5
DA:49,5
DA:50,5
DA:51,5
DA:52,1
LF:52
LH:52
BRDA:15,0,0,5
BRDA:18,1,0,0
BRDA:11,2,0,6
BRF:3
BRH:2
end_of_record
TN:
SF:src/modules/client-adm/usecase/find-client/find-client.usecase.ts
FN:13,execute
FN:9,FindClientUseCase
FNF:2
FNH:2
FNDA:3,execute
FNDA:4,FindClientUseCase
DA:1,1
DA:2,1
DA:3,1
DA:4,1
DA:5,1
DA:6,1
DA:7,1
DA:8,1
DA:9,1
DA:10,4
DA:11,4
DA:12,1
DA:13,1
DA:14,3
DA:15,3
DA:16,3
DA:17,3
DA:18,3
DA:19,3
DA:20,3
DA:21,3
DA:22,3
DA:23,3
DA:24,3
DA:25,3
DA:26,3
DA:27,3
DA:28,3
DA:29,3
DA:30,3
DA:31,3
DA:32,3
DA:33,3
DA:34,1
LF:34
LH:34
BRDA:13,0,0,3
BRDA:9,1,0,4
BRF:2
BRH:2
end_of_record
TN:
SF:src/modules/invoice/domain/invoice.entity.ts
FN:32,validate
FN:42,get name
FN:46,set name
FN:50,get document
FN:54,set document
FN:58,get address
FN:62,set address
FN:66,get item
FN:70,set item
FN:74,total
FN:23,Invoice
FNF:11
FNH:7
FNDA:8,validate
FNDA:13,get name
FNDA:0,set name
FNDA:13,get document
FNDA:0,set document
FNDA:78,get address
FNDA:0,set address
FNDA:17,get item
FNDA:0,set item
FNDA:7,total
FNDA:8,Invoice
DA:1,1
DA:2,1
DA:3,1
DA:4,1
DA:5,1
DA:6,1
DA:7,1
DA:8,1
DA:9,1
DA:10,1
DA:11,1
DA:12,1
DA:13,1
DA:14,1
DA:15,1
DA:16,1
DA:17,1
DA:18,1
DA:19,1
DA:20,1
DA:21,1
DA:22,1
DA:23,1
DA:24,8
DA:25,8
DA:26,8
DA:27,8
DA:28,8
DA:29,8
DA:30,8
DA:31,1
DA:32,1
DA:33,8
DA:34,0
DA:35,0
DA:36,8
DA:37,8
DA:38,0
DA:39,0
DA:40,8
DA:41,1
DA:42,1
DA:43,13
DA:44,13
DA:45,1
DA:46,1
DA:47,0
DA:48,0
DA:49,1
DA:50,1
DA:51,13
DA:52,13
DA:53,1
DA:54,1
DA:55,0
DA:56,0
DA:57,1
DA:58,1
DA:59,78
DA:60,78
DA:61,1
DA:62,1
DA:63,0
DA:64,0
DA:65,1
DA:66,1
DA:67,17
DA:68,17
DA:69,1
DA:70,1
DA:71,0
DA:72,0
DA:73,1
DA:74,1
DA:75,7
DA:76,13
DA:77,7
DA:78,7
DA:79,1
LF:79
LH:67
BRDA:32,0,0,8
BRDA:33,1,0,0
BRDA:37,2,0,0
BRDA:42,3,0,13
BRDA:50,4,0,13
BRDA:58,5,0,78
BRDA:66,6,0,17
BRDA:74,7,0,7
BRDA:75,8,0,13
BRDA:23,9,0,8
BRF:10
BRH:8
end_of_record
TN:
SF:src/modules/invoice/domain/invoice_item.entity.ts
FN:14,get name
FN:18,set name
FN:22,get price
FN:26,set price
FN:8,InvoiceItem
FNF:5
FNH:3
FNDA:24,get name
FNDA:0,set name
FNDA:37,get price
FNDA:0,set price
FNDA:15,InvoiceItem
DA:1,1
DA:2,1
DA:3,1
DA:4,1
DA:5,1
DA:6,1
DA:7,1
DA:8,1
DA:9,15
DA:10,15
DA:11,15
DA:12,15
DA:13,1
DA:14,1
DA:15,24
DA:16,24
DA:17,1
DA:18,1
DA:19,0
DA:20,0
DA:21,1
DA:22,1
DA:23,37
DA:24,37
DA:25,1
DA:26,1
DA:27,0
DA:28,0
DA:29,1
LF:29
LH:25
BRDA:14,0,0,24
BRDA:22,1,0,37
BRDA:8,2,0,15
BRF:3
BRH:3
end_of_record
TN:
SF:src/modules/invoice/facade/invoice.facade.ts
FN:13,find
FN:17,create
FN:8,InvoiceFacade
FNF:3
FNH:2
FNDA:0,find
FNDA:2,create
FNDA:2,InvoiceFacade
DA:1,1
DA:2,1
DA:3,1
DA:4,1
DA:5,1
DA:6,1
DA:7,1
DA:8,1
DA:9,2
DA:10,2
DA:11,2
DA:12,1
DA:13,1
DA:14,0
DA:15,0
DA:16,1
DA:17,1
DA:18,2
DA:19,2
DA:20,2
DA:21,1
LF:21
LH:19
BRDA:17,0,0,2
BRDA:8,1,0,2
BRF:2
BRH:2
end_of_record
TN:
SF:src/modules/invoice/factory/invoice.facade.factory.ts
FN:7,create
FNF:1
FNH:1
FNDA:2,create
DA:1,1
DA:2,1
DA:3,1
DA:4,1
DA:5,1
DA:6,1
DA:7,1
DA:8,2
DA:9,2
DA:10,2
DA:11,2
DA:12,2
DA:13,1
DA:14,1
LF:14
LH:14
BRDA:7,0,0,2
BRF:1
BRH:1
end_of_record
TN:
SF:src/modules/invoice/repository/associations.ts
FN:4,setupAssociations
FNF:1
FNH:1
FNDA:9,setupAssociations
DA:1,1
DA:2,1
DA:3,1
DA:4,1
DA:5,9
DA:6,9
DA:7,9
DA:8,9
DA:9,9
DA:10,9
LF:10
LH:10
BRDA:4,0,0,9
BRF:1
BRH:1
end_of_record
TN:
SF:src/modules/invoice/repository/index.ts
FNF:0
FNH:0
DA:1,1
DA:2,1
DA:3,1
DA:4,1
DA:5,1
DA:6,1
LF:6
LH:6
BRF:0
BRH:0
end_of_record
TN:
SF:src/modules/invoice/repository/invoice.model.ts
FNF:0
FNH:0
DA:1,1
DA:2,1
DA:3,1
DA:4,1
DA:5,1
DA:6,1
DA:7,1
DA:8,1
DA:9,1
DA:10,1
DA:11,1
DA:12,1
DA:13,1
DA:14,1
DA:15,1
DA:16,1
DA:17,1
DA:18,1
DA:19,1
DA:20,1
DA:21,1
DA:22,1
DA:23,1
DA:24,1
DA:25,1
DA:26,1
DA:27,1
DA:28,1
DA:29,1
DA:30,1
DA:31,1
DA:32,1
DA:33,1
DA:34,1
DA:35,1
DA:36,1
DA:37,1
DA:38,1
DA:39,1
DA:40,1
DA:41,1
DA:42,1
DA:43,1
DA:44,1
DA:45,1
DA:46,1
LF:46
LH:46
BRDA:38,0,0,0
BRDA:41,1,0,0
BRF:2
BRH:0
end_of_record
TN:
SF:src/modules/invoice/repository/invoice.repository.ts
FN:11,save
FN:41,find
FNF:2
FNH:2
FNDA:4,save
FNDA:2,find
DA:1,1
DA:2,1
DA:3,1
DA:4,1
DA:5,1
DA:6,1
DA:7,1
DA:8,1
DA:9,1
DA:10,1
DA:11,1
DA:12,4
DA:13,4
DA:14,4
DA:15,4
DA:16,4
DA:17,4
DA:18,4
DA:19,4
DA:20,4
DA:21,4
DA:22,4
DA:23,8
DA:24,8
DA:25,8
DA:26,8
DA:27,8
DA:28,8
DA:29,8
DA:30,8
DA:31,4
DA:32,4
DA:33,4
DA:34,4
DA:35,4
DA:36,4
DA:37,4
DA:38,4
DA:39,4
DA:40,1
DA:41,1
DA:42,2
DA:43,2
DA:44,2
DA:45,2
DA:46,2
DA:47,2
DA:48,2
DA:49,2
DA:50,2
DA:51,2
DA:52,2
DA:53,2
DA:54,2
DA:55,2
DA:56,2
DA:57,2
DA:58,2
DA:59,2
DA:60,2
DA:61,2
DA:62,2
DA:63,4
DA:64,4
DA:65,4
DA:66,4
DA:67,4
DA:68,4
DA:69,2
DA:70,2
DA:71,2
DA:72,2
DA:73,1
DA:74,1
LF:74
LH:74
BRDA:11,0,0,4
BRDA:22,1,0,8
BRDA:41,2,0,2
BRDA:62,3,0,4
BRF:4
BRH:4
end_of_record
TN:
SF:src/modules/invoice/repository/invoice_item.model.ts
FNF:0
FNH:0
DA:1,1
DA:2,1
DA:3,1
DA:4,1
DA:5,1
DA:6,1
DA:7,1
DA:8,1
DA:9,1
DA:10,1
DA:11,1
DA:12,1
DA:13,1
DA:14,1
DA:15,1
DA:16,1
DA:17,1
DA:18,1
DA:19,1
DA:20,1
DA:21,1
DA:22,1
DA:23,1
DA:24,1
DA:25,1
DA:26,1
DA:27,1
DA:28,1
DA:29,1
DA:30,1
DA:31,1
LF:31
LH:31
BRDA:20,0,0,0
BRDA:23,1,0,0
BRDA:30,2,0,0
BRDA:25,3,0,9
BRDA:29,4,0,18
BRF:5
BRH:2
end_of_record
TN:
SF:src/modules/invoice/usecase/find-invoice/find-invoice.usecase.ts
FN:7,execute
FN:5,FindInvoiceUsecase
FNF:2
FNH:2
FNDA:2,execute
FNDA:4,FindInvoiceUsecase
DA:1,1
DA:2,1
DA:3,1
DA:4,1
DA:5,1
DA:6,1
DA:7,1
DA:8,2
DA:9,2
DA:10,2
DA:11,2
DA:12,2
DA:13,2
DA:14,2
DA:15,2
DA:16,2
DA:17,2
DA:18,2
DA:19,2
DA:20,2
DA:21,2
DA:22,2
DA:23,3
DA:24,3
DA:25,3
DA:26,3
DA:27,3
DA:28,3
DA:29,2
DA:30,2
DA:31,2
DA:32,2
DA:33,1
LF:33
LH:33
BRDA:7,0,0,2
BRDA:22,1,0,3
BRDA:5,2,0,4
BRF:3
BRH:3
end_of_record
TN:
SF:src/modules/invoice/usecase/generate-invoice/generate-invoice.usecase.ts
FN:13,execute
FN:9,GenerateInvoiceUsecase
FNF:2
FNH:2
FNDA:4,execute
FNDA:4,GenerateInvoiceUsecase
DA:1,1
DA:2,1
DA:3,1
DA:4,1
DA:5,1
DA:6,1
DA:7,1
DA:8,1
DA:9,1
DA:10,4
DA:11,4
DA:12,1
DA:13,1
DA:14,4
DA:15,8
DA:16,8
DA:17,8
DA:18,8
DA:19,8
DA:20,8
DA:21,4
DA:22,4
DA:23,4
DA:24,4
DA:25,4
DA:26,4
DA:27,4
DA:28,4
DA:29,4
DA:30,4
DA:31,4
DA:32,4
DA:33,4
DA:34,4
DA:35,4
DA:36,4
DA:37,4
DA:38,4
DA:39,4
DA:40,4
DA:41,4
DA:42,4
DA:43,4
DA:44,4
DA:45,4
DA:46,4
DA:47,4
DA:48,4
DA:49,4
DA:50,4
DA:51,4
DA:52,8
DA:53,8
DA:54,8
DA:55,8
DA:56,8
DA:57,8
DA:58,4
DA:59,4
DA:60,4
DA:61,1
LF:61
LH:61
BRDA:13,0,0,4
BRDA:14,1,0,8
BRDA:51,2,0,8
BRDA:9,3,0,4
BRF:4
BRH:4
end_of_record
TN:
SF:src/modules/payment/domain/transaction.ts
FN:34,validate
FN:40,approve
FN:44,decline
FN:48,process
FN:56,get amount
FN:60,get orderId
FN:64,get status
FN:26,Transaction
FNF:8
FNH:8
FNDA:10,validate
FNDA:4,approve
FNDA:1,decline
FNDA:4,process
FNDA:12,get amount
FNDA:12,get orderId
FNDA:11,get status
FNDA:10,Transaction
DA:1,1
DA:2,1
DA:3,1
DA:4,1
DA:5,1
DA:6,1
DA:7,1
DA:8,1
DA:9,1
DA:10,1
DA:11,1
DA:12,1
DA:13,1
DA:14,1
DA:15,1
DA:16,1
DA:17,1
DA:18,1
DA:19,1
DA:20,1
DA:21,1
DA:22,1
DA:23,1
DA:24,1
DA:25,1
DA:26,1
DA:27,10
DA:28,10
DA:29,10
DA:30,10
DA:31,10
DA:32,10
DA:33,1
DA:34,1
DA:35,10
DA:36,0
DA:37,0
DA:38,10
DA:39,1
DA:40,1
DA:41,4
DA:42,4
DA:43,1
DA:44,1
DA:45,1
DA:46,1
DA:47,1
DA:48,1
DA:49,4
DA:50,3
DA:51,3
DA:52,1
DA:53,1
DA:54,4
DA:55,1
DA:56,1
DA:57,12
DA:58,12
DA:59,1
DA:60,1
DA:61,12
DA:62,12
DA:63,1
DA:64,1
DA:65,11
DA:66,11
DA:67,1
LF:67
LH:65
BRDA:34,0,0,10
BRDA:35,1,0,0
BRDA:40,2,0,4
BRDA:44,3,0,1
BRDA:48,4,0,4
BRDA:49,5,0,3
BRDA:51,6,0,1
BRDA:56,7,0,12
BRDA:60,8,0,12
BRDA:64,9,0,11
BRDA:26,10,0,10
BRDA:30,11,0,5
BRF:12
BRH:11
end_of_record
TN:
SF:src/modules/payment/facade/payment.facade.ts
FN:9,process
FN:8,PaymentFacade
FNF:2
FNH:2
FNDA:2,process
FNDA:2,PaymentFacade
DA:1,1
DA:2,1
DA:3,1
DA:4,1
DA:5,1
DA:6,1
DA:7,1
DA:8,1
DA:9,1
DA:10,2
DA:11,2
DA:12,1
LF:12
LH:12
BRDA:9,0,0,2
BRDA:8,1,0,2
BRF:2
BRH:2
end_of_record
TN:
SF:src/modules/payment/factory/payment.facade.factory.ts
FN:7,create
FNF:1
FNH:1
FNDA:2,create
DA:1,1
DA:2,1
DA:3,1
DA:4,1
DA:5,1
DA:6,1
DA:7,1
DA:8,2
DA:9,2
DA:10,2
DA:11,2
DA:12,2
DA:13,1
LF:13
LH:13
BRDA:7,0,0,2
BRF:1
BRH:1
end_of_record
TN:
SF:src/modules/payment/repository/transaction.model.ts
FNF:0
FNH:0
DA:1,1
DA:2,1
DA:3,1
DA:4,1
DA:5,1
DA:6,1
DA:7,1
DA:8,1
DA:9,1
DA:10,1
DA:11,1
DA:12,1
DA:13,1
DA:14,1
DA:15,1
DA:16,1
DA:17,1
DA:18,1
DA:19,1
DA:20,1
DA:21,1
DA:22,1
DA:23,1
DA:24,1
DA:25,1
DA:26,1
LF:26
LH:26
BRDA:22,0,0,0
BRDA:25,1,0,0
BRF:2
BRH:0
end_of_record
TN:
SF:src/modules/payment/repository/transaction.repository.ts
FN:6,save
FNF:1
FNH:1
FNDA:3,save
DA:1,1
DA:2,1
DA:3,1
DA:4,1
DA:5,1
DA:6,1
DA:7,3
DA:8,3
DA:9,3
DA:10,3
DA:11,3
DA:12,3
DA:13,3
DA:14,3
DA:15,3
DA:16,3
DA:17,3
DA:18,3
DA:19,3
DA:20,3
DA:21,3
DA:22,3
DA:23,3
DA:24,3
DA:25,1
LF:25
LH:25
BRDA:6,0,0,3
BRF:1
BRH:1
end_of_record
TN:
SF:src/modules/payment/usecase/process-payment/process-payment.usecase.ts
FN:12,execute
FN:10,ProcessPaymentUseCase
FNF:2
FNH:2
FNDA:4,execute
FNDA:4,ProcessPaymentUseCase
DA:1,1
DA:2,1
DA:3,1
DA:4,1
DA:5,1
DA:6,1
DA:7,1
DA:8,1
DA:9,1
DA:10,1
DA:11,1
DA:12,1
DA:13,4
DA:14,4
DA:15,4
DA:16,4
DA:17,4
DA:18,4
DA:19,4
DA:20,4
DA:21,4
DA:22,4
DA:23,4
DA:24,4
DA:25,4
DA:26,4
DA:27,4
DA:28,4
DA:29,4
DA:30,4
DA:31,4
DA:32,4
DA:33,1
LF:33
LH:33
BRDA:12,0,0,4
BRDA:10,1,0,4
BRF:2
BRH:2
end_of_record
TN:
SF:src/modules/product-adm/domain/product.entity.ts
FN:29,get name
FN:33,get description
FN:37,get purchasePrice
FN:41,get stock
FN:45,set name
FN:49,set stock
FN:53,set description
FN:57,set purchasePrice
FN:21,Product
FNF:9
FNH:5
FNDA:13,get name
FNDA:13,get description
FNDA:13,get purchasePrice
FNDA:17,get stock
FNDA:0,set name
FNDA:0,set stock
FNDA:0,set description
FNDA:0,set purchasePrice
FNDA:12,Product
DA:1,1
DA:2,1
DA:3,1
DA:4,1
DA:5,1
DA:6,1
DA:7,1
DA:8,1
DA:9,1
DA:10,1
DA:11,1
DA:12,1
DA:13,1
DA:14,1
DA:15,1
DA:16,1
DA:17,1
DA:18,1
DA:19,1
DA:20,1
DA:21,1
DA:22,12
DA:23,12
DA:24,12
DA:25,12
DA:26,12
DA:27,12
DA:28,1
DA:29,1
DA:30,13
DA:31,13
DA:32,1
DA:33,1
DA:34,13
DA:35,13
DA:36,1
DA:37,1
DA:38,13
DA:39,13
DA:40,1
DA:41,1
DA:42,17
DA:43,17
DA:44,1
DA:45,1
DA:46,0
DA:47,0
DA:48,1
DA:49,1
DA:50,0
DA:51,0
DA:52,1
DA:53,1
DA:54,0
DA:55,0
DA:56,1
DA:57,1
DA:58,0
DA:59,0
DA:60,1
LF:60
LH:52
BRDA:29,0,0,13
BRDA:33,1,0,13
BRDA:37,2,0,13
BRDA:41,3,0,17
BRDA:21,4,0,12
BRF:5
BRH:5
end_of_record
TN:
SF:src/modules/product-adm/facade/product-adm.facade.ts
FN:22,addProduct
FN:27,checkStock
FN:17,ProductAdmFacade
FNF:3
FNH:3
FNDA:2,addProduct
FNDA:3,checkStock
FNDA:3,ProductAdmFacade
DA:1,1
DA:2,1
DA:3,1
DA:4,1
DA:5,1
DA:6,1
DA:7,1
DA:8,1
DA:9,1
DA:10,1
DA:11,1
DA:12,1
DA:13,1
DA:14,1
DA:15,1
DA:16,1
DA:17,1
DA:18,3
DA:19,3
DA:20,3
DA:21,1
DA:22,1
DA:23,2
DA:24,2
DA:25,2
DA:26,2
DA:27,1
DA:28,3
DA:29,3
DA:30,3
DA:31,3
DA:32,1
LF:32
LH:32
BRDA:22,0,0,2
BRDA:27,1,0,3
BRDA:17,2,0,3
BRF:3
BRH:3
end_of_record
TN:
SF:src/modules/product-adm/factory/facade.factory.ts
FN:7,create
FNF:1
FNH:1
FNDA:3,create
DA:1,1
DA:2,1
DA:3,1
DA:4,1
DA:5,1
DA:6,1
DA:7,1
DA:8,3
DA:9,3
DA:10,3
DA:11,3
DA:12,3
DA:13,3
DA:14,3
DA:15,3
DA:16,3
DA:17,3
DA:18,1
LF:18
LH:18
BRDA:7,0,0,3
BRF:1
BRH:1
end_of_record
TN:
SF:src/modules/product-adm/repository/product.model.ts
FNF:0
FNH:0
DA:1,1
DA:2,1
DA:3,1
DA:4,1
DA:5,1
DA:6,1
DA:7,1
DA:8,1
DA:9,1
DA:10,1
DA:11,1
DA:12,1
DA:13,1
DA:14,1
DA:15,1
DA:16,1
DA:17,1
DA:18,1
DA:19,1
DA:20,1
DA:21,1
DA:22,1
DA:23,1
DA:24,1
DA:25,1
DA:26,1
DA:27,1
DA:28,1
DA:29,1
DA:30,1
LF:30
LH:30
BRDA:26,0,0,0
BRDA:29,1,0,0
BRF:2
BRH:0
end_of_record
TN:
SF:src/modules/product-adm/repository/product.repository.ts
FN:7,add
FN:18,find
FNF:2
FNH:2
FNDA:6,add
FNDA:4,find
DA:1,1
DA:2,1
DA:3,1
DA:4,1
DA:5,1
DA:6,1
DA:7,1
DA:8,6
DA:9,6
DA:10,6
DA:11,6
DA:12,6
DA:13,6
DA:14,6
DA:15,6
DA:16,6
DA:17,6
DA:18,1
DA:19,4
DA:20,4
DA:21,4
DA:22,4
DA:23,4
DA:24,0
DA:25,0
DA:26,4
DA:27,4
DA:28,4
DA:29,4
DA:30,4
DA:31,4
DA:32,4
DA:33,4
DA:34,4
DA:35,4
DA:36,4
DA:37,1
LF:37
LH:35
BRDA:7,0,0,6
BRDA:18,1,0,4
BRDA:23,2,0,0
BRF:3
BRH:2
end_of_record
TN:
SF:src/modules/product-adm/usecase/add-product/add-product.usecase.ts
FN:13,execute
FN:9,AddProductUseCase
FNF:2
FNH:2
FNDA:6,execute
FNDA:7,AddProductUseCase
DA:1,1
DA:2,1
DA:3,1
DA:4,1
DA:5,1
DA:6,1
DA:7,1
DA:8,1
DA:9,1
DA:10,7
DA:11,7
DA:12,1
DA:13,1
DA:14,6
DA:15,6
DA:16,6
DA:17,6
DA:18,6
DA:19,6
DA:20,6
DA:21,6
DA:22,6
DA:23,6
DA:24,6
DA:25,6
DA:26,6
DA:27,6
DA:28,6
DA:29,6
DA:30,6
DA:31,6
DA:32,6
DA:33,6
DA:34,6
DA:35,1
LF:35
LH:35
BRDA:13,0,0,6
BRDA:9,1,0,7
BRF:2
BRH:2
end_of_record
TN:
SF:src/modules/product-adm/usecase/check-stock/check-stock.usecase.ts
FN:11,execute
FN:7,CheckStockUseCase
FNF:2
FNH:2
FNDA:4,execute
FNDA:4,CheckStockUseCase
DA:1,1
DA:2,1
DA:3,1
DA:4,1
DA:5,1
DA:6,1
DA:7,1
DA:8,4
DA:9,4
DA:10,1
DA:11,1
DA:12,4
DA:13,4
DA:14,4
DA:15,4
DA:16,4
DA:17,4
DA:18,1
LF:18
LH:18
BRDA:11,0,0,4
BRDA:7,1,0,4
BRF:2
BRH:2
end_of_record
TN:
SF:src/modules/store-catalog/domain/product.entity.ts
FN:24,get name
FN:28,get description
FN:32,get salesPrice
FN:36,set salesPrice
FN:17,Product
FNF:5
FNH:5
FNDA:13,get name
FNDA:13,get description
FNDA:15,get salesPrice
FNDA:2,set salesPrice
FNDA:13,Product
DA:1,1
DA:2,1
DA:3,1
DA:4,1
DA:5,1
DA:6,1
DA:7,1
DA:8,1
DA:9,1
DA:10,1
DA:11,1
DA:12,1
DA:13,1
DA:14,1
DA:15,1
DA:16,1
DA:17,1
DA:18,13
DA:19,13
DA:20,13
DA:21,13
DA:22,13
DA:23,1
DA:24,1
DA:25,13
DA:26,13
DA:27,1
DA:28,1
DA:29,13
DA:30,13
DA:31,1
DA:32,1
DA:33,15
DA:34,15
DA:35,1
DA:36,1
DA:37,2
DA:38,2
DA:39,1
LF:39
LH:39
BRDA:24,0,0,13
BRDA:28,1,0,13
BRDA:32,2,0,15
BRDA:36,3,0,2
BRDA:17,4,0,13
BRF:5
BRH:5
end_of_record
TN:
SF:src/modules/store-catalog/facade/store-catalog.facade.ts
FN:26,update
FN:30,find
FN:35,findAll
FN:22,StoreCatalogFacade
FNF:4
FNH:3
FNDA:0,update
FNDA:3,find
FNDA:1,findAll
FNDA:3,StoreCatalogFacade
DA:1,1
DA:2,1
DA:3,1
DA:4,1
DA:5,1
DA:6,1
DA:7,1
DA:8,1
DA:9,1
DA:10,1
DA:11,1
DA:12,1
DA:13,1
DA:14,1
DA:15,1
DA:16,1
DA:17,1
DA:18,1
DA:19,1
DA:20,1
DA:21,1
DA:22,1
DA:23,3
DA:24,3
DA:25,3
DA:26,1
DA:27,0
DA:28,0
DA:29,1
DA:30,1
DA:31,3
DA:32,3
DA:33,3
DA:34,3
DA:35,1
DA:36,1
DA:37,1
DA:38,1
LF:38
LH:36
BRDA:30,0,0,3
BRDA:35,1,0,1
BRDA:22,2,0,3
BRF:3
BRH:3
end_of_record
TN:
SF:src/modules/store-catalog/factory/facade.factory.ts
FN:7,create
FNF:1
FNH:1
FNDA:3,create
DA:1,1
DA:2,1
DA:3,1
DA:4,1
DA:5,1
DA:6,1
DA:7,1
DA:8,3
DA:9,3
DA:10,3
DA:11,3
DA:12,3
DA:13,3
DA:14,3
DA:15,3
DA:16,3
DA:17,3
DA:18,1
LF:18
LH:18
BRDA:7,0,0,3
BRF:1
BRH:1
end_of_record
TN:
SF:src/modules/store-catalog/repository/product.model.ts
FNF:0
FNH:0
DA:1,1
DA:2,1
DA:3,1
DA:4,1
DA:5,1
DA:6,1
DA:7,1
DA:8,1
DA:9,1
DA:10,1
DA:11,1
DA:12,1
DA:13,1
DA:14,1
DA:15,1
DA:16,1
DA:17,1
DA:18,1
DA:19,1
DA:20,1
DA:21,1
LF:21
LH:21
BRF:0
BRH:0
end_of_record
TN:
SF:src/modules/store-catalog/repository/product.repository.ts
FN:7,update
FN:19,findAll
FN:32,find
FNF:3
FNH:3
FNDA:2,update
FNDA:2,findAll
FNDA:6,find
DA:1,1
DA:2,1
DA:3,1
DA:4,1
DA:5,1
DA:6,1
DA:7,1
DA:8,2
DA:9,2
DA:10,2
DA:11,2
DA:12,2
DA:13,2
DA:14,2
DA:15,2
DA:16,2
DA:17,2
DA:18,1
DA:19,1
DA:20,2
DA:21,2
DA:22,2
DA:23,2
DA:24,4
DA:25,4
DA:26,4
DA:27,4
DA:28,4
DA:29,4
DA:30,2
DA:31,2
DA:32,1
DA:33,6
DA:34,6
DA:35,6
DA:36,6
DA:37,6
DA:38,6
DA:39,6
DA:40,6
DA:41,6
DA:42,6
DA:43,6
DA:44,6
DA:45,6
DA:46,1
LF:46
LH:46
BRDA:7,0,0,2
BRDA:19,1,0,2
BRDA:23,2,0,4
BRDA:32,3,0,6
BRF:4
BRH:4
end_of_record
TN:
SF:src/modules/store-catalog/usecase/add-product/update-product.usecase.ts
FN:7,execute
FN:5,UpdateProductUseCase
FNF:2
FNH:2
FNDA:2,execute
FNDA:2,UpdateProductUseCase
DA:1,1
DA:2,1
DA:3,1
DA:4,1
DA:5,1
DA:6,1
DA:7,1
DA:8,2
DA:9,2
DA:10,2
DA:11,2
DA:12,2
DA:13,2
DA:14,2
DA:15,2
DA:16,2
DA:17,2
DA:18,2
DA:19,2
DA:20,2
DA:21,1
LF:21
LH:21
BRDA:7,0,0,2
BRDA:5,1,0,2
BRF:2
BRH:2
end_of_record
TN:
SF:src/modules/store-catalog/usecase/find-all-products/find-all-products.usecase.ts
FN:7,execute
FN:5,FindAllProductsUsecase
FNF:2
FNH:2
FNDA:2,execute
FNDA:4,FindAllProductsUsecase
DA:1,1
DA:2,1
DA:3,1
DA:4,1
DA:5,1
DA:6,1
DA:7,1
DA:8,2
DA:9,2
DA:10,2
DA:11,2
DA:12,4
DA:13,4
DA:14,4
DA:15,4
DA:16,4
DA:17,2
DA:18,2
DA:19,1
LF:19
LH:19
BRDA:7,0,0,2
BRDA:11,1,0,4
BRDA:5,2,0,4
BRF:3
BRH:3
end_of_record
TN:
SF:src/modules/store-catalog/usecase/find-product/find-product.usecase.ts
FN:7,execute
FN:5,FindProductUseCase
FNF:2
FNH:2
FNDA:4,execute
FNDA:4,FindProductUseCase
DA:1,1
DA:2,1
DA:3,1
DA:4,1
DA:5,1
DA:6,1
DA:7,1
DA:8,4
DA:9,4
DA:10,4
DA:11,4
DA:12,4
DA:13,4
DA:14,4
DA:15,4
DA:16,4
DA:17,1
LF:17
LH:17
BRDA:7,0,0,4
BRDA:5,1,0,4
BRF:2
BRH:2
end_of_record
