TN:
SF:src/domain/@shared/entity/entity.abstract.ts
FN:11,get id
FN:7,Entity
FNF:2
FNH:1
FNDA:0,get id
FNDA:4,Entity
DA:1,1
DA:2,1
DA:3,1
DA:4,1
DA:5,1
DA:6,1
DA:7,1
DA:8,4
DA:9,4
DA:10,1
DA:11,1
DA:12,0
DA:13,0
DA:14,1
LF:14
LH:12
BRDA:7,0,0,4
BRF:1
BRH:1
end_of_record
TN:
SF:src/domain/@shared/notification/notification.error.ts
FN:4,NotificationError
FNF:1
FNH:1
FNDA:3,NotificationError
DA:1,1
DA:2,1
DA:3,1
DA:4,1
DA:5,3
DA:6,3
DA:7,1
LF:7
LH:7
BRDA:4,0,0,3
BRDA:5,1,0,6
BRF:2
BRH:2
end_of_record
TN:
SF:src/domain/@shared/notification/notification.ts
FN:9,addError
FN:13,messages
FN:22,hasErrors
FN:26,get getErrors
FNF:4
FNH:3
FNDA:6,addError
FNDA:0,messages
FNDA:8,hasErrors
FNDA:3,get getErrors
DA:1,1
DA:2,1
DA:3,1
DA:4,1
DA:5,1
DA:6,1
DA:7,1
DA:8,1
DA:9,1
DA:10,6
DA:11,6
DA:12,1
DA:13,1
DA:14,0
DA:15,0
DA:16,0
DA:17,0
DA:18,0
DA:19,0
DA:20,0
DA:21,1
DA:22,1
DA:23,8
DA:24,8
DA:25,1
DA:26,1
DA:27,3
DA:28,3
DA:29,1
LF:29
LH:22
BRDA:9,0,0,6
BRDA:22,1,0,8
BRDA:26,2,0,3
BRF:3
BRH:3
end_of_record
TN:
SF:src/domain/product/entity/product-b.ts
FN:16,validate
FN:28,changeName
FN:33,changePrice
FN:38,get id
FN:42,get name
FN:46,get price
FN:9,ProductB
FNF:7
FNH:0
FNDA:0,validate
FNDA:0,changeName
FNDA:0,changePrice
FNDA:0,get id
FNDA:0,get name
FNDA:0,get price
FNDA:0,ProductB
DA:1,1
DA:2,1
DA:3,1
DA:4,1
DA:5,1
DA:6,1
DA:7,1
DA:8,1
DA:9,1
DA:10,0
DA:11,0
DA:12,0
DA:13,0
DA:14,0
DA:15,1
DA:16,1
DA:17,0
DA:18,0
DA:19,0
DA:20,0
DA:21,0
DA:22,0
DA:23,0
DA:24,0
DA:25,0
DA:26,0
DA:27,1
DA:28,1
DA:29,0
DA:30,0
DA:31,0
DA:32,1
DA:33,1
DA:34,0
DA:35,0
DA:36,0
DA:37,1
DA:38,1
DA:39,0
DA:40,0
DA:41,1
DA:42,1
DA:43,0
DA:44,0
DA:45,1
DA:46,1
DA:47,0
DA:48,0
DA:49,1
DA:50,1
LF:50
LH:23
BRF:0
BRH:0
end_of_record
TN:
SF:src/domain/product/entity/product.ts
FN:21,validate
FN:25,changeName
FN:30,changePrice
FN:37,get id
FN:41,get name
FN:45,get price
FN:49,notificationError
FN:12,Product
FNF:8
FNH:8
FNDA:12,validate
FNDA:4,changeName
FNDA:4,changePrice
FNDA:17,get id
FNDA:13,get name
FNDA:13,get price
FNDA:8,notificationError
FNDA:4,Product
DA:1,1
DA:2,1
DA:3,1
DA:4,1
DA:5,1
DA:6,1
DA:7,1
DA:8,1
DA:9,1
DA:10,1
DA:11,1
DA:12,1
DA:13,4
DA:14,4
DA:15,4
DA:16,4
DA:17,4
DA:18,4
DA:19,4
DA:20,1
DA:21,1
DA:22,12
DA:23,12
DA:24,1
DA:25,1
DA:26,4
DA:27,4
DA:28,4
DA:29,1
DA:30,1
DA:31,4
DA:32,4
DA:33,4
DA:34,4
DA:35,4
DA:36,1
DA:37,1
DA:38,17
DA:39,17
DA:40,1
DA:41,1
DA:42,13
DA:43,13
DA:44,1
DA:45,1
DA:46,13
DA:47,13
DA:48,1
DA:49,1
DA:50,8
DA:51,3
DA:52,3
DA:53,8
DA:54,1
DA:55,1
LF:55
LH:55
BRDA:21,0,0,12
BRDA:25,1,0,4
BRDA:30,2,0,4
BRDA:37,3,0,17
BRDA:41,4,0,13
BRDA:45,5,0,13
BRDA:49,6,0,8
BRDA:50,7,0,3
BRDA:12,8,0,4
BRF:9
BRH:9
end_of_record
TN:
SF:src/domain/product/factory/product.factory.ts
FN:7,create
FNF:1
FNH:1
FNDA:4,create
DA:1,1
DA:2,1
DA:3,1
DA:4,1
DA:5,1
DA:6,1
DA:7,1
DA:8,4
DA:9,4
DA:10,4
DA:11,4
DA:12,0
DA:13,4
DA:14,0
DA:15,4
DA:16,4
DA:17,1
LF:17
LH:15
BRDA:7,0,0,4
BRDA:11,1,0,0
BRDA:13,2,0,0
BRF:3
BRH:1
end_of_record
TN:
SF:src/domain/product/factory/product.validator.factory.ts
FN:6,create
FNF:1
FNH:1
FNDA:12,create
DA:1,1
DA:2,1
DA:3,1
DA:4,1
DA:5,1
DA:6,1
DA:7,12
DA:8,12
DA:9,1
LF:9
LH:9
BRDA:6,0,0,12
BRF:1
BRH:1
end_of_record
TN:
SF:src/domain/product/validator/product.yup.validator.ts
FN:6,validate
FNF:1
FNH:1
FNDA:12,validate
DA:1,1
DA:2,1
DA:3,1
DA:4,1
DA:5,1
DA:6,1
DA:7,12
DA:8,12
DA:9,12
DA:10,12
DA:11,12
DA:12,12
DA:13,12
DA:14,12
DA:15,12
DA:16,12
DA:17,12
DA:18,12
DA:19,12
DA:20,5
DA:21,5
DA:22,5
DA:23,6
DA:24,6
DA:25,6
DA:26,6
DA:27,6
DA:28,5
DA:29,12
DA:30,1
LF:30
LH:30
BRDA:6,0,0,12
BRDA:19,1,0,5
BRDA:22,2,0,6
BRF:3
BRH:3
end_of_record
TN:
SF:src/usecase/product/update/update.product.usecase.ts
FN:10,execute
FN:6,UpdateProductUseCase
FNF:2
FNH:2
FNDA:4,execute
FNDA:4,UpdateProductUseCase
DA:1,1
DA:2,1
DA:3,1
DA:4,1
DA:5,1
DA:6,1
DA:7,4
DA:8,4
DA:9,1
DA:10,1
DA:11,4
DA:12,4
DA:13,4
DA:14,4
DA:15,4
DA:16,4
DA:17,1
DA:18,1
DA:19,1
DA:20,1
DA:21,1
DA:22,1
DA:23,1
DA:24,1
DA:25,1
LF:25
LH:25
BRDA:10,0,0,4
BRDA:16,1,0,1
BRDA:6,2,0,4
BRF:3
BRH:3
end_of_record
