TN:
SF:src/domain/@shared/entity/entity.abstract.ts
FN:11,get id
FN:7,Entity
FNF:2
FNH:2
FNDA:81,get id
FNDA:96,Entity
DA:1,1
DA:2,1
DA:3,1
DA:4,1
DA:5,1
DA:6,1
DA:7,1
DA:8,96
DA:9,96
DA:10,1
DA:11,1
DA:12,81
DA:13,81
DA:14,1
LF:14
LH:14
BRDA:11,0,0,81
BRDA:7,1,0,96
BRF:2
BRH:2
end_of_record
TN:
SF:src/domain/@shared/event/event.dispatcher.ts
FN:9,get getEventHandlers
FN:13,notify
FN:21,register
FN:29,unregister
FN:37,unregisterAll
FNF:5
FNH:5
FNDA:12,get getEventHandlers
FNDA:3,notify
FNDA:7,register
FNDA:1,unregister
FNDA:1,unregisterAll
DA:1,1
DA:2,1
DA:3,1
DA:4,1
DA:5,1
DA:6,1
DA:7,1
DA:8,1
DA:9,1
DA:10,12
DA:11,12
DA:12,1
DA:13,1
DA:14,3
DA:15,3
DA:16,3
DA:17,4
DA:18,4
DA:19,3
DA:20,3
DA:21,1
DA:22,7
DA:23,6
DA:24,6
DA:25,7
DA:26,7
DA:27,7
DA:28,1
DA:29,1
DA:30,1
DA:31,1
DA:32,1
DA:33,1
DA:34,1
DA:35,1
DA:36,1
DA:37,1
DA:38,1
DA:39,1
DA:40,1
DA:41,1
LF:41
LH:41
BRDA:9,0,0,12
BRDA:13,1,0,3
BRDA:16,2,0,4
BRDA:21,3,0,7
BRDA:22,4,0,6
BRDA:29,5,0,1
BRDA:37,6,0,1
BRF:7
BRH:7
end_of_record
TN:
SF:src/domain/@shared/notification/notification.error.ts
FN:4,NotificationError
FNF:1
FNH:1
FNDA:13,NotificationError
DA:1,1
DA:2,1
DA:3,1
DA:4,1
DA:5,13
DA:6,13
DA:7,1
LF:7
LH:7
BRDA:4,0,0,13
BRDA:5,1,0,16
BRF:2
BRH:2
end_of_record
TN:
SF:src/domain/@shared/notification/notification.ts
FN:9,addError
FN:13,messages
FN:22,hasErrors
FN:26,get getErrors
FNF:4
FNH:4
FNDA:21,addError
FNDA:3,messages
FNDA:103,hasErrors
FNDA:14,get getErrors
DA:1,1
DA:2,1
DA:3,1
DA:4,1
DA:5,1
DA:6,1
DA:7,1
DA:8,1
DA:9,1
DA:10,21
DA:11,21
DA:12,1
DA:13,1
DA:14,3
DA:15,3
DA:16,3
DA:17,3
DA:18,3
DA:19,3
DA:20,3
DA:21,1
DA:22,1
DA:23,103
DA:24,103
DA:25,1
DA:26,1
DA:27,14
DA:28,14
DA:29,1
LF:29
LH:29
BRDA:9,0,0,21
BRDA:13,1,0,3
BRDA:15,2,0,6
BRDA:15,3,0,3
BRDA:16,4,0,6
BRDA:22,5,0,103
BRDA:26,6,0,14
BRF:7
BRH:7
end_of_record
TN:
SF:src/domain/checkout/entity/order.ts
FN:19,get id
FN:23,validate
FN:38,total
FN:42,addNewItem
FN:48,removeItem
FN:55,updateTotal
FN:59,get customerId
FN:63,get items
FN:11,Order
FNF:9
FNH:9
FNDA:14,get id
FNDA:23,validate
FNDA:38,total
FNDA:2,addNewItem
FNDA:2,removeItem
FNDA:4,updateTotal
FNDA:9,get customerId
FNDA:11,get items
FNDA:19,Order
DA:1,1
DA:2,1
DA:3,1
DA:4,1
DA:5,1
DA:6,1
DA:7,1
DA:8,1
DA:9,1
DA:10,1
DA:11,1
DA:12,19
DA:13,19
DA:14,19
DA:15,19
DA:16,19
DA:17,19
DA:18,1
DA:19,1
DA:20,14
DA:21,14
DA:22,1
DA:23,1
DA:24,23
DA:25,1
DA:26,1
DA:27,23
DA:28,1
DA:29,1
DA:30,23
DA:31,0
DA:32,0
DA:33,23
DA:34,1
DA:35,1
DA:36,23
DA:37,1
DA:38,1
DA:39,38
DA:40,38
DA:41,1
DA:42,1
DA:43,2
DA:44,2
DA:45,2
DA:46,2
DA:47,1
DA:48,1
DA:49,2
DA:50,2
DA:51,2
DA:52,2
DA:53,2
DA:54,1
DA:55,1
DA:56,4
DA:57,4
DA:58,1
DA:59,1
DA:60,9
DA:61,9
DA:62,1
DA:63,1
DA:64,11
DA:65,11
DA:66,1
LF:66
LH:64
BRDA:19,0,0,14
BRDA:23,1,0,23
BRDA:24,2,0,1
BRDA:26,3,0,22
BRDA:27,4,0,1
BRDA:29,5,0,21
BRDA:30,6,0,0
BRDA:32,7,0,21
BRDA:33,8,0,1
BRDA:33,9,0,35
BRDA:38,10,0,38
BRDA:39,11,0,58
BRDA:42,12,0,2
BRDA:48,13,0,2
BRDA:49,14,0,3
BRDA:55,15,0,4
BRDA:59,16,0,9
BRDA:63,17,0,11
BRDA:11,18,0,19
BRF:19
BRH:18
end_of_record
TN:
SF:src/domain/checkout/entity/order_item.ts
FN:18,validate
FN:24,get quantity
FN:28,get price
FN:32,orderItemTotal
FN:36,get id
FN:40,get name
FN:44,get productId
FN:48,cancel
FN:52,isCancelled
FN:10,OrderItem
FNF:10
FNH:9
FNDA:0,validate
FNDA:53,get quantity
FNDA:18,get price
FNDA:58,orderItemTotal
FNDA:29,get id
FNDA:18,get name
FNDA:17,get productId
FNDA:2,cancel
FNDA:6,isCancelled
FNDA:25,OrderItem
DA:1,1
DA:2,1
DA:3,1
DA:4,1
DA:5,1
DA:6,1
DA:7,1
DA:8,1
DA:9,1
DA:10,1
DA:11,25
DA:12,25
DA:13,25
DA:14,25
DA:15,25
DA:16,25
DA:17,1
DA:18,1
DA:19,0
DA:20,0
DA:21,0
DA:22,0
DA:23,1
DA:24,1
DA:25,53
DA:26,53
DA:27,1
DA:28,1
DA:29,18
DA:30,18
DA:31,1
DA:32,1
DA:33,58
DA:34,58
DA:35,1
DA:36,1
DA:37,29
DA:38,29
DA:39,1
DA:40,1
DA:41,18
DA:42,18
DA:43,1
DA:44,1
DA:45,17
DA:46,17
DA:47,1
DA:48,1
DA:49,2
DA:50,2
DA:51,1
DA:52,1
DA:53,6
DA:54,6
DA:55,1
DA:56,1
LF:56
LH:52
BRDA:24,0,0,53
BRDA:28,1,0,18
BRDA:32,2,0,58
BRDA:36,3,0,29
BRDA:40,4,0,18
BRDA:44,5,0,17
BRDA:48,6,0,2
BRDA:52,7,0,6
BRDA:10,8,0,25
BRF:9
BRH:9
end_of_record
TN:
SF:src/domain/checkout/factory/order.factory.ts
FN:17,create
FNF:1
FNH:1
FNDA:1,create
DA:1,1
DA:2,1
DA:3,1
DA:4,1
DA:5,1
DA:6,1
DA:7,1
DA:8,1
DA:9,1
DA:10,1
DA:11,1
DA:12,1
DA:13,1
DA:14,1
DA:15,1
DA:16,1
DA:17,1
DA:18,1
DA:19,1
DA:20,1
DA:21,1
DA:22,1
DA:23,1
LF:23
LH:23
BRDA:17,0,0,1
BRDA:18,1,0,1
BRF:2
BRH:2
end_of_record
TN:
SF:src/domain/checkout/service/order.service.ts
FN:8,total
FN:12,placeOrder
FNF:2
FNH:2
FNDA:1,total
FNDA:1,placeOrder
DA:1,1
DA:2,1
DA:3,1
DA:4,1
DA:5,1
DA:6,1
DA:7,1
DA:8,1
DA:9,1
DA:10,1
DA:11,1
DA:12,1
DA:13,1
DA:14,1
DA:15,0
DA:16,0
DA:17,1
DA:18,1
DA:19,1
DA:20,1
DA:21,1
DA:22,1
DA:23,1
LF:23
LH:21
BRDA:8,0,0,1
BRDA:9,1,0,2
BRDA:12,2,0,1
BRDA:14,3,0,0
BRF:4
BRH:3
end_of_record
TN:
SF:src/domain/customer/entity/customer.ts
FN:23,get name
FN:27,get address
FN:31,isActive
FN:35,set name
FN:39,validate
FN:43,changeName
FN:47,changeAddress
FN:51,activate
FN:58,deactive
FN:62,addRewardPoints
FN:66,get rewardPoints
FN:12,Customer
FNF:12
FNH:11
FNDA:75,get name
FNDA:119,get address
FNDA:19,isActive
FNDA:0,set name
FNDA:40,validate
FNDA:2,changeName
FNDA:31,changeAddress
FNDA:9,activate
FNDA:1,deactive
FNDA:11,addRewardPoints
FNDA:21,get rewardPoints
FNDA:40,Customer
DA:1,1
DA:2,1
DA:3,1
DA:4,1
DA:5,1
DA:6,1
DA:7,1
DA:8,1
DA:9,1
DA:10,1
DA:11,1
DA:12,1
DA:13,40
DA:14,40
DA:15,40
DA:16,40
DA:17,40
DA:18,40
DA:19,4
DA:20,4
DA:21,36
DA:22,1
DA:23,1
DA:24,75
DA:25,75
DA:26,1
DA:27,1
DA:28,119
DA:29,119
DA:30,1
DA:31,1
DA:32,19
DA:33,19
DA:34,1
DA:35,1
DA:36,0
DA:37,0
DA:38,1
DA:39,1
DA:40,40
DA:41,40
DA:42,1
DA:43,1
DA:44,2
DA:45,2
DA:46,1
DA:47,1
DA:48,31
DA:49,31
DA:50,1
DA:51,1
DA:52,9
DA:53,9
DA:54,1
DA:55,1
DA:56,9
DA:57,1
DA:58,1
DA:59,1
DA:60,1
DA:61,1
DA:62,1
DA:63,11
DA:64,11
DA:65,1
DA:66,1
DA:67,21
DA:68,21
DA:69,1
LF:69
LH:67
BRDA:23,0,0,75
BRDA:27,1,0,119
BRDA:31,2,0,19
BRDA:39,3,0,40
BRDA:43,4,0,2
BRDA:47,5,0,31
BRDA:51,6,0,9
BRDA:53,7,0,1
BRDA:58,8,0,1
BRDA:62,9,0,11
BRDA:66,10,0,21
BRDA:12,11,0,40
BRDA:18,12,0,39
BRDA:18,13,0,4
BRDA:20,14,0,36
BRF:15
BRH:15
end_of_record
TN:
SF:src/domain/customer/event/customer-changed-address.event.ts
FN:7,CustomerChangedAddressEvent
FNF:1
FNH:1
FNDA:1,CustomerChangedAddressEvent
DA:1,1
DA:2,1
DA:3,1
DA:4,1
DA:5,1
DA:6,1
DA:7,1
DA:8,1
DA:9,1
DA:10,1
DA:11,1
DA:12,1
LF:12
LH:12
BRDA:7,0,0,1
BRF:1
BRH:1
end_of_record
TN:
SF:src/domain/customer/event/customer-created.event.ts
FN:8,CustomerCreatedEvent
FNF:1
FNH:1
FNDA:1,CustomerCreatedEvent
DA:1,1
DA:2,1
DA:3,1
DA:4,1
DA:5,1
DA:6,1
DA:7,1
DA:8,1
DA:9,1
DA:10,1
DA:11,1
DA:12,1
DA:13,1
LF:13
LH:13
BRDA:8,0,0,1
BRF:1
BRH:1
end_of_record
TN:
SF:src/domain/customer/event/handler/customer-changed-address-handler.ts.ts
FN:7,handle
FNF:1
FNH:1
FNDA:1,handle
DA:1,1
DA:2,1
DA:3,1
DA:4,1
DA:5,1
DA:6,1
DA:7,1
DA:8,1
DA:9,1
DA:10,1
DA:11,1
DA:12,1
DA:13,1
LF:13
LH:13
BRDA:7,0,0,1
BRF:1
BRH:1
end_of_record
TN:
SF:src/domain/customer/event/handler/send-console-log-1.ts
FN:6,handle
FNF:1
FNH:1
FNDA:1,handle
DA:1,1
DA:2,1
DA:3,1
DA:4,1
DA:5,1
DA:6,1
DA:7,1
DA:8,1
DA:9,1
DA:10,1
DA:11,1
DA:12,1
LF:12
LH:12
BRDA:6,0,0,1
BRF:1
BRH:1
end_of_record
TN:
SF:src/domain/customer/event/handler/send-console-log-2.ts
FN:6,handle
FNF:1
FNH:1
FNDA:1,handle
DA:1,1
DA:2,1
DA:3,1
DA:4,1
DA:5,1
DA:6,1
DA:7,1
DA:8,1
DA:9,1
DA:10,1
DA:11,1
DA:12,1
LF:12
LH:12
BRDA:6,0,0,1
BRF:1
BRH:1
end_of_record
TN:
SF:src/domain/customer/factory/customer.factory.ts
FN:6,create
FN:10,createWithAddress
FNF:2
FNH:2
FNDA:1,create
FNDA:9,createWithAddress
DA:1,1
DA:2,1
DA:3,1
DA:4,1
DA:5,1
DA:6,1
DA:7,1
DA:8,1
DA:9,1
DA:10,1
DA:11,9
DA:12,9
DA:13,9
DA:14,9
DA:15,1
LF:15
LH:15
BRDA:6,0,0,1
BRDA:10,1,0,9
BRF:2
BRH:2
end_of_record
TN:
SF:src/domain/customer/factory/customer.validator.factory.ts
FN:6,create
FNF:1
FNH:1
FNDA:40,create
DA:1,1
DA:2,1
DA:3,1
DA:4,1
DA:5,1
DA:6,1
DA:7,40
DA:8,40
DA:9,1
LF:9
LH:9
BRDA:6,0,0,40
BRF:1
BRH:1
end_of_record
TN:
SF:src/domain/customer/validator/customer.yup.validator.ts
FN:6,validate
FNF:1
FNH:1
FNDA:40,validate
DA:1,1
DA:2,1
DA:3,1
DA:4,1
DA:5,1
DA:6,1
DA:7,40
DA:8,40
DA:9,40
DA:10,40
DA:11,40
DA:12,40
DA:13,40
DA:14,40
DA:15,40
DA:16,40
DA:17,40
DA:18,4
DA:19,4
DA:20,5
DA:21,5
DA:22,5
DA:23,5
DA:24,5
DA:25,4
DA:26,40
DA:27,1
LF:27
LH:27
BRDA:6,0,0,40
BRDA:17,1,0,4
BRDA:19,2,0,5
BRF:3
BRH:3
end_of_record
TN:
SF:src/domain/customer/value-object/address.ts
FN:16,validate
FN:31,get street
FN:35,get number
FN:39,get zip
FN:43,get city
FN:7,Address
FNF:6
FNH:6
FNDA:33,validate
FNDA:33,get street
FNDA:31,get number
FNDA:31,get zip
FNDA:31,get city
FNDA:33,Address
DA:1,1
DA:2,1
DA:3,1
DA:4,1
DA:5,1
DA:6,1
DA:7,1
DA:8,33
DA:9,33
DA:10,33
DA:11,33
DA:12,33
DA:13,33
DA:14,33
DA:15,1
DA:16,1
DA:17,33
DA:18,1
DA:19,1
DA:20,33
DA:21,0
DA:22,0
DA:23,33
DA:24,0
DA:25,0
DA:26,33
DA:27,0
DA:28,0
DA:29,33
DA:30,1
DA:31,1
DA:32,33
DA:33,33
DA:34,1
DA:35,1
DA:36,31
DA:37,31
DA:38,1
DA:39,1
DA:40,31
DA:41,31
DA:42,1
DA:43,1
DA:44,31
DA:45,31
DA:46,1
LF:46
LH:40
BRDA:16,0,0,33
BRDA:17,1,0,1
BRDA:19,2,0,32
BRDA:20,3,0,0
BRDA:22,4,0,32
BRDA:23,5,0,0
BRDA:25,6,0,32
BRDA:26,7,0,0
BRDA:31,8,0,33
BRDA:35,9,0,31
BRDA:39,10,0,31
BRDA:43,11,0,31
BRDA:7,12,0,33
BRF:13
BRH:10
end_of_record
TN:
SF:src/domain/product/entity/product-b.ts
FN:16,validate
FN:28,changeName
FN:33,changePrice
FN:38,get id
FN:42,get name
FN:46,get price
FN:9,ProductB
FNF:7
FNH:5
FNDA:1,validate
FNDA:0,changeName
FNDA:0,changePrice
FNDA:1,get id
FNDA:1,get name
FNDA:1,get price
FNDA:1,ProductB
DA:1,1
DA:2,1
DA:3,1
DA:4,1
DA:5,1
DA:6,1
DA:7,1
DA:8,1
DA:9,1
DA:10,1
DA:11,1
DA:12,1
DA:13,1
DA:14,1
DA:15,1
DA:16,1
DA:17,1
DA:18,0
DA:19,0
DA:20,1
DA:21,0
DA:22,0
DA:23,1
DA:24,0
DA:25,0
DA:26,1
DA:27,1
DA:28,1
DA:29,0
DA:30,0
DA:31,0
DA:32,1
DA:33,1
DA:34,0
DA:35,0
DA:36,0
DA:37,1
DA:38,1
DA:39,1
DA:40,1
DA:41,1
DA:42,1
DA:43,1
DA:44,1
DA:45,1
DA:46,1
DA:47,1
DA:48,1
DA:49,1
DA:50,1
LF:50
LH:38
BRDA:16,0,0,1
BRDA:17,1,0,0
BRDA:20,2,0,0
BRDA:23,3,0,0
BRDA:38,4,0,1
BRDA:42,5,0,1
BRDA:46,6,0,1
BRDA:9,7,0,1
BRF:8
BRH:5
end_of_record
TN:
SF:src/domain/product/entity/product.ts
FN:24,changeName
FN:28,changePrice
FN:32,get id
FN:36,get name
FN:40,get price
FN:50,validate
FN:11,Product
FNF:7
FNH:7
FNDA:8,changeName
FNDA:10,changePrice
FNDA:136,get id
FNDA:66,get name
FNDA:72,get price
FNDA:62,validate
FNDA:56,Product
DA:1,1
DA:2,1
DA:3,1
DA:4,1
DA:5,1
DA:6,1
DA:7,1
DA:8,1
DA:9,1
DA:10,1
DA:11,1
DA:12,56
DA:13,56
DA:14,56
DA:15,56
DA:16,56
DA:17,56
DA:18,1
DA:19,1
DA:20,1
DA:21,1
DA:22,1
DA:23,1
DA:24,1
DA:25,8
DA:26,8
DA:27,1
DA:28,1
DA:29,10
DA:30,10
DA:31,1
DA:32,1
DA:33,136
DA:34,136
DA:35,1
DA:36,1
DA:37,66
DA:38,66
DA:39,1
DA:40,1
DA:41,72
DA:42,72
DA:43,1
DA:44,1
DA:45,1
DA:46,1
DA:47,1
DA:48,1
DA:49,1
DA:50,1
DA:51,62
DA:52,1
DA:53,1
DA:54,62
DA:55,62
DA:56,5
DA:57,5
DA:58,62
DA:59,62
DA:60,5
DA:61,5
DA:62,62
DA:63,62
DA:64,9
DA:65,9
DA:66,62
DA:67,1
DA:68,1
LF:68
LH:68
BRDA:24,0,0,8
BRDA:28,1,0,10
BRDA:32,2,0,136
BRDA:36,3,0,66
BRDA:40,4,0,72
BRDA:50,5,0,62
BRDA:51,6,0,1
BRDA:55,7,0,5
BRDA:59,8,0,5
BRDA:63,9,0,9
BRDA:11,10,0,56
BRF:11
BRH:11
end_of_record
TN:
SF:src/domain/product/event/product-created.event.ts
FN:8,ProductCreatedEvent
FNF:1
FNH:1
FNDA:1,ProductCreatedEvent
DA:1,1
DA:2,1
DA:3,1
DA:4,1
DA:5,1
DA:6,1
DA:7,1
DA:8,1
DA:9,1
DA:10,1
DA:11,1
DA:12,1
DA:13,1
LF:13
LH:13
BRDA:8,0,0,1
BRF:1
BRH:1
end_of_record
TN:
SF:src/domain/product/event/handler/send-email-when-product-is-created.handler.ts
FN:6,handle
FNF:1
FNH:1
FNDA:1,handle
DA:1,1
DA:2,1
DA:3,1
DA:4,1
DA:5,1
DA:6,1
DA:7,1
DA:8,1
DA:9,1
DA:10,1
DA:11,1
DA:12,1
LF:12
LH:12
BRDA:6,0,0,1
BRF:1
BRH:1
end_of_record
TN:
SF:src/domain/product/factory/product.factory.ts
FN:7,create
FNF:1
FNH:1
FNDA:19,create
DA:1,1
DA:2,1
DA:3,1
DA:4,1
DA:5,1
DA:6,1
DA:7,1
DA:8,19
DA:9,19
DA:10,17
DA:11,19
DA:12,1
DA:13,19
DA:14,1
DA:15,19
DA:16,19
DA:17,1
LF:17
LH:17
BRDA:7,0,0,19
BRDA:9,1,0,17
BRDA:11,2,0,1
BRDA:13,3,0,1
BRF:4
BRH:4
end_of_record
TN:
SF:src/domain/product/service/product.service.ts
FN:5,increasePrice
FNF:1
FNH:1
FNDA:1,increasePrice
DA:1,1
DA:2,1
DA:3,1
DA:4,1
DA:5,1
DA:6,1
DA:7,2
DA:8,2
DA:9,1
DA:10,1
DA:11,1
DA:12,1
DA:13,1
LF:13
LH:13
BRDA:5,0,0,1
BRDA:6,1,0,2
BRF:2
BRH:2
end_of_record
TN:
SF:src/infrastructure/api/express.ts
FN:15,init
FNF:1
FNH:1
FNDA:2,init
DA:1,1
DA:2,1
DA:3,1
DA:4,1
DA:5,1
DA:6,1
DA:7,1
DA:8,1
DA:9,1
DA:10,1
DA:11,1
DA:12,1
DA:13,1
DA:14,1
DA:15,1
DA:16,2
DA:17,2
DA:18,2
DA:19,2
DA:20,2
DA:21,2
DA:22,2
DA:23,2
DA:24,2
DA:25,1
LF:25
LH:25
BRDA:15,0,0,2
BRF:1
BRH:1
end_of_record
TN:
SF:src/infrastructure/api/presenters/customer.presenter.ts
FN:6,listXML
FNF:1
FNH:1
FNDA:1,listXML
DA:1,1
DA:2,1
DA:3,1
DA:4,1
DA:5,1
DA:6,1
DA:7,1
DA:8,1
DA:9,1
DA:10,1
DA:11,1
DA:12,1
DA:13,1
DA:14,1
DA:15,1
DA:16,1
DA:17,2
DA:18,2
DA:19,2
DA:20,2
DA:21,2
DA:22,2
DA:23,2
DA:24,2
DA:25,2
DA:26,1
DA:27,1
DA:28,1
DA:29,1
LF:29
LH:29
BRDA:6,0,0,1
BRDA:16,1,0,2
BRF:2
BRH:2
end_of_record
TN:
SF:src/infrastructure/api/routes/customer.route.ts
FN:36,json
FN:39,xml
FN:43,default
FNF:3
FNH:2
FNDA:1,json
FNDA:1,xml
FNDA:0,default
DA:1,1
DA:2,1
DA:3,1
DA:4,1
DA:5,1
DA:6,1
DA:7,1
DA:8,1
DA:9,1
DA:10,4
DA:11,4
DA:12,4
DA:13,4
DA:14,4
DA:15,4
DA:16,4
DA:17,4
DA:18,4
DA:19,4
DA:20,4
DA:21,4
DA:22,4
DA:23,3
DA:24,4
DA:25,1
DA:26,1
DA:27,4
DA:28,1
DA:29,1
DA:30,2
DA:31,2
DA:32,2
DA:33,2
DA:34,2
DA:35,2
DA:36,2
DA:37,1
DA:38,1
DA:39,2
DA:40,1
DA:41,1
DA:42,1
DA:43,2
DA:44,0
DA:45,0
DA:46,2
DA:47,2
DA:48,0
DA:49,0
DA:50,2
LF:50
LH:46
BRDA:9,0,0,4
BRDA:22,1,0,3
BRDA:24,2,0,1
BRDA:29,3,0,2
BRDA:47,4,0,0
BRDA:36,5,0,1
BRDA:39,6,0,1
BRF:7
BRH:6
end_of_record
TN:
SF:src/infrastructure/api/routes/product.route.ts
FNF:0
FNH:0
DA:1,1
DA:2,1
DA:3,1
DA:4,1
DA:5,1
DA:6,1
DA:7,1
DA:8,1
DA:9,1
DA:10,1
DA:11,5
DA:12,5
DA:13,5
DA:14,5
DA:15,5
DA:16,5
DA:17,5
DA:18,5
DA:19,5
DA:20,5
DA:21,0
DA:22,0
DA:23,5
DA:24,1
DA:25,1
DA:26,1
DA:27,1
DA:28,1
DA:29,1
DA:30,1
DA:31,1
DA:32,1
DA:33,1
DA:34,1
DA:35,1
DA:36,1
DA:37,0
DA:38,0
DA:39,1
DA:40,1
DA:41,1
DA:42,1
DA:43,1
DA:44,1
DA:45,1
DA:46,1
DA:47,1
DA:48,1
DA:49,1
DA:50,1
DA:51,0
DA:52,0
DA:53,1
DA:54,1
DA:55,1
DA:56,1
DA:57,1
DA:58,1
DA:59,1
DA:60,1
DA:61,0
DA:62,0
DA:63,1
DA:64,1
DA:65,1
DA:66,1
DA:67,1
DA:68,1
DA:69,1
DA:70,1
DA:71,1
DA:72,1
DA:73,1
DA:74,1
DA:75,1
DA:76,1
DA:77,1
DA:78,1
DA:79,1
DA:80,1
DA:81,1
DA:82,1
DA:83,1
DA:84,1
DA:85,1
DA:86,1
LF:86
LH:78
BRDA:10,0,0,5
BRDA:20,1,0,0
BRDA:25,2,0,1
BRDA:36,3,0,0
BRDA:41,4,0,1
BRDA:50,5,0,0
BRDA:55,6,0,1
BRDA:60,7,0,0
BRF:8
BRH:4
end_of_record
TN:
SF:src/infrastructure/customer/repository/sequelize/costumer.model.ts
FNF:0
FNH:0
DA:1,1
DA:2,1
DA:3,1
DA:4,1
DA:5,1
DA:6,1
DA:7,1
DA:8,1
DA:9,1
DA:10,1
DA:11,1
DA:12,1
DA:13,1
DA:14,1
DA:15,1
DA:16,1
DA:17,1
DA:18,1
DA:19,1
DA:20,1
DA:21,1
DA:22,1
DA:23,1
DA:24,1
DA:25,1
DA:26,1
DA:27,1
DA:28,1
DA:29,1
DA:30,1
DA:31,1
DA:32,1
DA:33,1
DA:34,1
DA:35,1
DA:36,1
DA:37,1
DA:38,1
DA:39,1
DA:40,1
DA:41,1
DA:42,1
DA:43,1
DA:44,1
DA:45,1
DA:46,1
LF:46
LH:46
BRF:0
BRH:0
end_of_record
TN:
SF:src/infrastructure/customer/repository/sequelize/customer.repository.ts
FN:8,create
FN:21,update
FN:38,find
FN:64,findAll
FNF:4
FNH:4
FNDA:14,create
FNDA:1,update
FNDA:3,find
FNDA:3,findAll
DA:1,1
DA:2,1
DA:3,1
DA:4,1
DA:5,1
DA:6,1
DA:7,1
DA:8,1
DA:9,14
DA:10,14
DA:11,14
DA:12,14
DA:13,14
DA:14,14
DA:15,14
DA:16,14
DA:17,14
DA:18,14
DA:19,14
DA:20,1
DA:21,1
DA:22,1
DA:23,1
DA:24,1
DA:25,1
DA:26,1
DA:27,1
DA:28,1
DA:29,1
DA:30,1
DA:31,1
DA:32,1
DA:33,1
DA:34,1
DA:35,1
DA:36,1
DA:37,1
DA:38,1
DA:39,3
DA:40,3
DA:41,3
DA:42,3
DA:43,3
DA:44,3
DA:45,3
DA:46,3
DA:47,3
DA:48,2
DA:49,2
DA:50,1
DA:51,1
DA:52,2
DA:53,2
DA:54,2
DA:55,2
DA:56,2
DA:57,2
DA:58,2
DA:59,2
DA:60,2
DA:61,2
DA:62,2
DA:63,1
DA:64,1
DA:65,3
DA:66,3
DA:67,6
DA:68,6
DA:69,6
DA:70,6
DA:71,6
DA:72,6
DA:73,6
DA:74,6
DA:75,6
DA:76,6
DA:77,6
DA:78,6
DA:79,6
DA:80,6
DA:81,3
DA:82,3
DA:83,1
DA:84,1
LF:84
LH:84
BRDA:8,0,0,14
BRDA:21,1,0,1
BRDA:38,2,0,3
BRDA:47,3,0,2
BRDA:49,4,0,1
BRDA:64,5,0,3
BRDA:66,6,0,6
BRF:7
BRH:7
end_of_record
TN:
SF:src/infrastructure/order/repository/sequelize/order-item.model.ts
FNF:0
FNH:0
DA:1,1
DA:2,1
DA:3,1
DA:4,1
DA:5,1
DA:6,1
DA:7,1
DA:8,1
DA:9,1
DA:10,1
DA:11,1
DA:12,1
DA:13,1
DA:14,1
DA:15,1
DA:16,1
DA:17,1
DA:18,1
DA:19,1
DA:20,1
DA:21,1
DA:22,1
DA:23,1
DA:24,1
DA:25,1
DA:26,1
DA:27,1
DA:28,1
DA:29,1
DA:30,1
DA:31,1
DA:32,1
DA:33,1
DA:34,1
DA:35,1
DA:36,1
DA:37,1
DA:38,1
DA:39,1
DA:40,1
DA:41,1
DA:42,1
DA:43,1
DA:44,1
DA:45,1
DA:46,1
DA:47,1
LF:47
LH:47
BRDA:22,0,0,0
BRDA:31,1,0,0
BRDA:15,2,0,30
BRDA:21,3,0,12
BRDA:24,4,0,12
BRDA:30,5,0,12
BRF:6
BRH:4
end_of_record
TN:
SF:src/infrastructure/order/repository/sequelize/order.model.ts
FNF:0
FNH:0
DA:1,1
DA:2,1
DA:3,1
DA:4,1
DA:5,1
DA:6,1
DA:7,1
DA:8,1
DA:9,1
DA:10,1
DA:11,1
DA:12,1
DA:13,1
DA:14,1
DA:15,1
DA:16,1
DA:17,1
DA:18,1
DA:19,1
DA:20,1
DA:21,1
DA:22,1
DA:23,1
DA:24,1
DA:25,1
DA:26,1
DA:27,1
DA:28,1
DA:29,1
DA:30,1
LF:30
LH:30
BRDA:21,0,0,0
BRDA:14,1,0,6
BRDA:20,2,0,18
BRDA:23,3,0,18
BRF:4
BRH:3
end_of_record
TN:
SF:src/infrastructure/order/repository/sequelize/order.repository.ts
FN:8,create
FN:25,update
FN:62,find
FN:71,findAll
FNF:4
FNH:4
FNDA:6,create
FNDA:2,update
FNDA:3,find
FNDA:1,findAll
DA:1,1
DA:2,1
DA:3,1
DA:4,1
DA:5,1
DA:6,1
DA:7,1
DA:8,1
DA:9,6
DA:10,6
DA:11,6
DA:12,6
DA:13,6
DA:14,9
DA:15,9
DA:16,9
DA:17,9
DA:18,9
DA:19,9
DA:20,6
DA:21,6
DA:22,6
DA:23,6
DA:24,1
DA:25,1
DA:26,2
DA:27,2
DA:28,2
DA:29,2
DA:30,6
DA:31,6
DA:32,6
DA:33,6
DA:34,6
DA:35,6
DA:36,2
DA:37,2
DA:38,2
DA:39,2
DA:40,2
DA:41,2
DA:42,2
DA:43,6
DA:44,2
DA:45,2
DA:46,2
DA:47,4
DA:48,4
DA:49,6
DA:50,2
DA:51,2
DA:52,2
DA:53,2
DA:54,2
DA:55,2
DA:56,2
DA:57,2
DA:58,2
DA:59,6
DA:60,2
DA:61,1
DA:62,1
DA:63,3
DA:64,3
DA:65,2
DA:66,2
DA:67,2
DA:68,2
DA:69,2
DA:70,1
DA:71,1
DA:72,1
DA:73,1
DA:74,1
DA:75,1
DA:76,2
DA:77,2
DA:78,2
DA:79,1
DA:80,1
DA:81,1
DA:82,1
LF:82
LH:82
BRDA:8,0,0,6
BRDA:13,1,0,9
BRDA:25,2,0,2
BRDA:42,3,0,6
BRDA:43,4,0,2
BRDA:46,5,0,4
BRDA:49,6,0,2
BRDA:29,7,0,6
BRDA:62,8,0,3
BRDA:64,9,0,1
BRDA:64,10,0,2
BRDA:65,11,0,4
BRDA:71,12,0,1
BRDA:73,13,0,0
BRDA:75,14,0,2
BRDA:76,15,0,3
BRF:16
BRH:15
end_of_record
TN:
SF:src/infrastructure/product/repository/sequelize/product.model.ts
FNF:0
FNH:0
DA:1,1
DA:2,1
DA:3,1
DA:4,1
DA:5,1
DA:6,1
DA:7,1
DA:8,1
DA:9,1
DA:10,1
DA:11,1
DA:12,1
DA:13,1
DA:14,1
DA:15,1
DA:16,1
DA:17,1
DA:18,1
DA:19,1
DA:20,1
DA:21,1
LF:21
LH:21
BRF:0
BRH:0
end_of_record
TN:
SF:src/infrastructure/product/repository/sequelize/product.repository.ts
FN:7,create
FN:15,update
FN:26,find
FN:36,findAll
FNF:4
FNH:4
FNDA:26,create
FNDA:3,update
FNDA:5,find
FNDA:3,findAll
DA:1,1
DA:2,1
DA:3,1
DA:4,1
DA:5,1
DA:6,1
DA:7,1
DA:8,26
DA:9,26
DA:10,26
DA:11,26
DA:12,26
DA:13,25
DA:14,1
DA:15,1
DA:16,3
DA:17,3
DA:18,3
DA:19,3
DA:20,3
DA:21,3
DA:22,3
DA:23,3
DA:24,3
DA:25,1
DA:26,1
DA:27,5
DA:28,5
DA:29,5
DA:30,5
DA:31,5
DA:32,5
DA:33,5
DA:34,5
DA:35,1
DA:36,1
DA:37,3
DA:38,3
DA:39,6
DA:40,3
DA:41,3
DA:42,1
DA:43,1
DA:44,1
LF:44
LH:44
BRDA:7,0,0,26
BRDA:12,1,0,25
BRDA:15,2,0,3
BRDA:26,3,0,5
BRDA:36,4,0,3
BRDA:38,5,0,6
BRF:6
BRH:6
end_of_record
TN:
SF:src/usecase/customer/create/create.customer.usecase.ts
FN:13,execute
FN:9,CreateCustomerUseCase
FNF:2
FNH:2
FNDA:6,execute
FNDA:7,CreateCustomerUseCase
DA:1,1
DA:2,1
DA:3,1
DA:4,1
DA:5,1
DA:6,1
DA:7,1
DA:8,1
DA:9,1
DA:10,7
DA:11,7
DA:12,1
DA:13,1
DA:14,6
DA:15,6
DA:16,6
DA:17,6
DA:18,6
DA:19,4
DA:20,4
DA:21,4
DA:22,4
DA:23,4
DA:24,4
DA:25,4
DA:26,4
DA:27,4
DA:28,4
DA:29,4
DA:30,4
DA:31,1
LF:31
LH:31
BRDA:13,0,0,6
BRDA:18,1,0,4
BRDA:9,2,0,7
BRF:3
BRH:3
end_of_record
TN:
SF:src/usecase/customer/find/find.customer.usecase.ts
FN:11,execute
FN:7,FindCustomerUseCase
FNF:2
FNH:2
FNDA:3,execute
FNDA:3,FindCustomerUseCase
DA:1,1
DA:2,1
DA:3,1
DA:4,1
DA:5,1
DA:6,1
DA:7,1
DA:8,3
DA:9,3
DA:10,1
DA:11,1
DA:12,3
DA:13,2
DA:14,2
DA:15,2
DA:16,2
DA:17,2
DA:18,2
DA:19,2
DA:20,2
DA:21,2
DA:22,2
DA:23,2
DA:24,2
DA:25,1
LF:25
LH:25
BRDA:11,0,0,3
BRDA:12,1,0,2
BRDA:7,2,0,3
BRF:3
BRH:3
end_of_record
TN:
SF:src/usecase/customer/list/list.customer.usecase.ts
FN:11,execute
FN:7,ListCustomerUseCase
FN:18,toOutput
FNF:3
FNH:3
FNDA:3,execute
FNDA:3,ListCustomerUseCase
FNDA:3,toOutput
DA:1,1
DA:2,1
DA:3,1
DA:4,1
DA:5,1
DA:6,1
DA:7,1
DA:8,3
DA:9,3
DA:10,1
DA:11,1
DA:12,3
DA:13,3
DA:14,3
DA:15,1
DA:16,1
DA:17,1
DA:18,1
DA:19,3
DA:20,3
DA:21,6
DA:22,6
DA:23,6
DA:24,6
DA:25,6
DA:26,6
DA:27,6
DA:28,6
DA:29,6
DA:30,6
DA:31,6
DA:32,3
DA:33,3
DA:34,1
LF:34
LH:34
BRDA:11,0,0,3
BRDA:7,1,0,3
BRDA:18,2,0,3
BRDA:20,3,0,6
BRF:4
BRH:4
end_of_record
TN:
SF:src/usecase/customer/update/update.customer.usecase.ts
FN:12,execute
FN:8,UpdateCustomerUseCase
FNF:2
FNH:2
FNDA:1,execute
FNDA:1,UpdateCustomerUseCase
DA:1,1
DA:2,1
DA:3,1
DA:4,1
DA:5,1
DA:6,1
DA:7,1
DA:8,1
DA:9,1
DA:10,1
DA:11,1
DA:12,1
DA:13,1
DA:14,1
DA:15,1
DA:16,1
DA:17,1
DA:18,1
DA:19,1
DA:20,1
DA:21,1
DA:22,1
DA:23,1
DA:24,1
DA:25,1
DA:26,1
DA:27,1
DA:28,1
DA:29,1
LF:29
LH:29
BRDA:12,0,0,1
BRDA:8,1,0,1
BRF:2
BRH:2
end_of_record
TN:
SF:src/usecase/product/create/create.product.usecase.ts
FN:12,execute
FN:8,CreateProductUseCase
FNF:2
FNH:2
FNDA:9,execute
FNDA:9,CreateProductUseCase
DA:1,1
DA:2,1
DA:3,1
DA:4,1
DA:5,1
DA:6,1
DA:7,1
DA:8,1
DA:9,9
DA:10,9
DA:11,1
DA:12,1
DA:13,9
DA:14,9
DA:15,9
DA:16,9
DA:17,9
DA:18,9
DA:19,9
DA:20,9
DA:21,9
DA:22,9
DA:23,1
LF:23
LH:23
BRDA:12,0,0,9
BRDA:8,1,0,9
BRF:2
BRH:2
end_of_record
TN:
SF:src/usecase/product/find/find.product.usecase.ts
FN:10,execute
FN:6,FindProductUseCase
FNF:2
FNH:2
FNDA:3,execute
FNDA:3,FindProductUseCase
DA:1,1
DA:2,1
DA:3,1
DA:4,1
DA:5,1
DA:6,1
DA:7,3
DA:8,3
DA:9,1
DA:10,1
DA:11,3
DA:12,3
DA:13,3
DA:14,3
DA:15,3
DA:16,3
DA:17,3
DA:18,3
DA:19,3
DA:20,1
LF:20
LH:20
BRDA:10,0,0,3
BRDA:6,1,0,3
BRF:2
BRH:2
end_of_record
TN:
SF:src/usecase/product/list/list.product.usecase.ts
FN:11,execute
FN:7,ListProductUseCase
FN:19,toDTO
FNF:3
FNH:3
FNDA:3,execute
FNDA:3,ListProductUseCase
FNDA:3,toDTO
DA:1,1
DA:2,1
DA:3,1
DA:4,1
DA:5,1
DA:6,1
DA:7,1
DA:8,3
DA:9,3
DA:10,1
DA:11,1
DA:12,3
DA:13,3
DA:14,3
DA:15,3
DA:16,1
DA:17,1
DA:18,1
DA:19,1
DA:20,3
DA:21,3
DA:22,6
DA:23,6
DA:24,6
DA:25,6
DA:26,6
DA:27,6
DA:28,3
DA:29,3
DA:30,1
LF:30
LH:30
BRDA:11,0,0,3
BRDA:7,1,0,3
BRDA:19,2,0,3
BRDA:21,3,0,6
BRF:4
BRH:4
end_of_record
TN:
SF:src/usecase/product/update/update.product.usecase.ts
FN:10,execute
FN:6,UpdateProductUseCase
FNF:2
FNH:2
FNDA:6,execute
FNDA:6,UpdateProductUseCase
DA:1,1
DA:2,1
DA:3,1
DA:4,1
DA:5,1
DA:6,1
DA:7,6
DA:8,6
DA:9,1
DA:10,1
DA:11,6
DA:12,6
DA:13,6
DA:14,6
DA:15,6
DA:16,6
DA:17,6
DA:18,3
DA:19,3
DA:20,3
DA:21,3
DA:22,3
DA:23,3
DA:24,3
DA:25,3
DA:26,1
LF:26
LH:26
BRDA:10,0,0,6
BRDA:17,1,0,3
BRDA:6,2,0,6
BRF:3
BRH:3
end_of_record
